<?xml version="1.0" encoding="UTF-8"?>
<testng-results skipped="0" failed="0" ignored="0" total="1" passed="1">
  <reporter-output>
    <line>
      <![CDATA[Total no. of Links = 158]]>
    </line>
    <line>
      <![CDATA[Title is matching]]>
    </line>
  </reporter-output>
  <suite name="Default suite" duration-ms="20357" started-at="2018-08-24T14:16:09Z" finished-at="2018-08-24T14:16:29Z">
    <groups>
    </groups>
    <test name="Default test" duration-ms="20357" started-at="2018-08-24T14:16:09Z" finished-at="2018-08-24T14:16:29Z">
      <class name="testScript.Test1">
        <test-method status="PASS" signature="init()[pri:0, instance:testScript.Test1@77caeb3e]" name="init" is-config="true" duration-ms="12488" started-at="2018-08-24T14:16:09Z" finished-at="2018-08-24T14:16:21Z">
          <reporter-output>
          </reporter-output>
        </test-method> <!-- init -->
        <test-method status="PASS" signature="facebookTest()[pri:0, instance:testScript.Test1@77caeb3e]" name="facebookTest" duration-ms="7009" started-at="2018-08-24T14:16:21Z" finished-at="2018-08-24T14:16:28Z">
          <reporter-output>
            <line>
              <![CDATA[Total no. of Links = 158]]>
            </line>
            <line>
              <![CDATA[Title is matching]]>
            </line>
          </reporter-output>
        </test-method> <!-- facebookTest -->
        <test-method status="PASS" signature="close()[pri:0, instance:testScript.Test1@77caeb3e]" name="close" is-config="true" duration-ms="822" started-at="2018-08-24T14:16:28Z" finished-at="2018-08-24T14:16:29Z">
          <reporter-output>
          </reporter-output>
        </test-method> <!-- close -->
      </class> <!-- testScript.Test1 -->
    </test> <!-- Default test -->
  </suite> <!-- Default suite -->
</testng-results>
