<?xml version="1.0" encoding="UTF-8"?>
<testng-results skipped="0" failed="1" ignored="0" total="1" passed="0">
  <reporter-output>
    <line>
      <![CDATA[Total no. of Links = 173]]>
    </line>
  </reporter-output>
  <suite name="Default suite" duration-ms="14717" started-at="2018-08-27T12:07:14Z" finished-at="2018-08-27T12:07:29Z">
    <groups>
    </groups>
    <test name="Default test" duration-ms="14717" started-at="2018-08-27T12:07:14Z" finished-at="2018-08-27T12:07:29Z">
      <class name="testScript.TestTwitter">
        <test-method status="PASS" signature="init()[pri:0, instance:testScript.TestTwitter@77caeb3e]" name="init" is-config="true" duration-ms="10255" started-at="2018-08-27T12:07:14Z" finished-at="2018-08-27T12:07:25Z">
          <reporter-output>
          </reporter-output>
        </test-method> <!-- init -->
        <test-method status="FAIL" signature="TwitterTest()[pri:0, instance:testScript.TestTwitter@77caeb3e]" name="TwitterTest" duration-ms="3680" started-at="2018-08-27T12:07:25Z" finished-at="2018-08-27T12:07:28Z">
          <exception class="java.lang.StackOverflowError">
            <full-stacktrace>
              <![CDATA[java.lang.StackOverflowError
at pom.TwitterGooglePO.twitterSrchResLink(TwitterGooglePO.java:24)
at pom.TwitterGooglePO.twitterSrchResLink(TwitterGooglePO.java:24)
at pom.TwitterGooglePO.twitterSrchResLink(TwitterGooglePO.java:24)
at pom.TwitterGooglePO.twitterSrchResLink(TwitterGooglePO.java:24)
at pom.TwitterGooglePO.twitterSrchResLink(TwitterGooglePO.java:24)
at pom.TwitterGooglePO.twitterSrchResLink(TwitterGooglePO.java:24)
at pom.TwitterGooglePO.twitterSrchResLink(TwitterGooglePO.java:24)
at pom.TwitterGooglePO.twitterSrchResLink(TwitterGooglePO.java:24)
at pom.TwitterGooglePO.twitterSrchResLink(TwitterGooglePO.java:24)
at pom.TwitterGooglePO.twitterSrchResLink(TwitterGooglePO.java:24)
at pom.TwitterGooglePO.twitterSrchResLink(TwitterGooglePO.java:24)
at pom.TwitterGooglePO.twitterSrchResLink(TwitterGooglePO.java:24)
at pom.TwitterGooglePO.twitterSrchResLink(TwitterGooglePO.java:24)
at pom.TwitterGooglePO.twitterSrchResLink(TwitterGooglePO.java:24)
at pom.TwitterGooglePO.twitterSrchResLink(TwitterGooglePO.java:24)
at pom.TwitterGooglePO.twitterSrchResLink(TwitterGooglePO.java:24)
at pom.TwitterGooglePO.twitterSrchResLink(TwitterGooglePO.java:24)
at pom.TwitterGooglePO.twitterSrchResLink(TwitterGooglePO.java:24)
at pom.TwitterGooglePO.twitterSrchResLink(TwitterGooglePO.java:24)
at pom.TwitterGooglePO.twitterSrchResLink(TwitterGooglePO.java:24)
at pom.TwitterGooglePO.twitterSrchResLink(TwitterGooglePO.java:24)
at pom.TwitterGooglePO.twitterSrchResLink(TwitterGooglePO.java:24)
at pom.TwitterGooglePO.twitterSrchResLink(TwitterGooglePO.java:24)
at pom.TwitterGooglePO.twitterSrchResLink(TwitterGooglePO.java:24)
at pom.TwitterGooglePO.twitterSrchResLink(TwitterGooglePO.java:24)
at pom.TwitterGooglePO.twitterSrchResLink(TwitterGooglePO.java:24)
at pom.TwitterGooglePO.twitterSrchResLink(TwitterGooglePO.java:24)
at pom.TwitterGooglePO.twitterSrchResLink(TwitterGooglePO.java:24)
at pom.TwitterGooglePO.twitterSrchResLink(TwitterGooglePO.java:24)
at pom.TwitterGooglePO.twitterSrchResLink(TwitterGooglePO.java:24)
at pom.TwitterGooglePO.twitterSrchResLink(TwitterGooglePO.java:24)
at pom.TwitterGooglePO.twitterSrchResLink(TwitterGooglePO.java:24)
at pom.TwitterGooglePO.twitterSrchResLink(TwitterGooglePO.java:24)
at pom.TwitterGooglePO.twitterSrchResLink(TwitterGooglePO.java:24)
at pom.TwitterGooglePO.twitterSrchResLink(TwitterGooglePO.java:24)
at pom.TwitterGooglePO.twitterSrchResLink(TwitterGooglePO.java:24)
at pom.TwitterGooglePO.twitterSrchResLink(TwitterGooglePO.java:24)
at pom.TwitterGooglePO.twitterSrchResLink(TwitterGooglePO.java:24)
at pom.TwitterGooglePO.twitterSrchResLink(TwitterGooglePO.java:24)
at pom.TwitterGooglePO.twitterSrchResLink(TwitterGooglePO.java:24)
at pom.TwitterGooglePO.twitterSrchResLink(TwitterGooglePO.java:24)
at pom.TwitterGooglePO.twitterSrchResLink(TwitterGooglePO.java:24)
at pom.TwitterGooglePO.twitterSrchResLink(TwitterGooglePO.java:24)
at pom.TwitterGooglePO.twitterSrchResLink(TwitterGooglePO.java:24)
at pom.TwitterGooglePO.twitterSrchResLink(TwitterGooglePO.java:24)
at pom.TwitterGooglePO.twitterSrchResLink(TwitterGooglePO.java:24)
at pom.TwitterGooglePO.twitterSrchResLink(TwitterGooglePO.java:24)
at pom.TwitterGooglePO.twitterSrchResLink(TwitterGooglePO.java:24)
at pom.TwitterGooglePO.twitterSrchResLink(TwitterGooglePO.java:24)
at pom.TwitterGooglePO.twitterSrchResLink(TwitterGooglePO.java:24)
at pom.TwitterGooglePO.twitterSrchResLink(TwitterGooglePO.java:24)
at pom.TwitterGooglePO.twitterSrchResLink(TwitterGooglePO.java:24)
at pom.TwitterGooglePO.twitterSrchResLink(TwitterGooglePO.java:24)
at pom.TwitterGooglePO.twitterSrchResLink(TwitterGooglePO.java:24)
at pom.TwitterGooglePO.twitterSrchResLink(TwitterGooglePO.java:24)
at pom.TwitterGooglePO.twitterSrchResLink(TwitterGooglePO.java:24)
at pom.TwitterGooglePO.twitterSrchResLink(TwitterGooglePO.java:24)
at pom.TwitterGooglePO.twitterSrchResLink(TwitterGooglePO.java:24)
at pom.TwitterGooglePO.twitterSrchResLink(TwitterGooglePO.java:24)
at pom.TwitterGooglePO.twitterSrchResLink(TwitterGooglePO.java:24)
at pom.TwitterGooglePO.twitterSrchResLink(TwitterGooglePO.java:24)
at pom.TwitterGooglePO.twitterSrchResLink(TwitterGooglePO.java:24)
at pom.TwitterGooglePO.twitterSrchResLink(TwitterGooglePO.java:24)
at pom.TwitterGooglePO.twitterSrchResLink(TwitterGooglePO.java:24)
at pom.TwitterGooglePO.twitterSrchResLink(TwitterGooglePO.java:24)
at pom.TwitterGooglePO.twitterSrchResLink(TwitterGooglePO.java:24)
at pom.TwitterGooglePO.twitterSrchResLink(TwitterGooglePO.java:24)
at pom.TwitterGooglePO.twitterSrchResLink(TwitterGooglePO.java:24)
at pom.TwitterGooglePO.twitterSrchResLink(TwitterGooglePO.java:24)
at pom.TwitterGooglePO.twitterSrchResLink(TwitterGooglePO.java:24)
at pom.TwitterGooglePO.twitterSrchResLink(TwitterGooglePO.java:24)
at pom.TwitterGooglePO.twitterSrchResLink(TwitterGooglePO.java:24)
at pom.TwitterGooglePO.twitterSrchResLink(TwitterGooglePO.java:24)
at pom.TwitterGooglePO.twitterSrchResLink(TwitterGooglePO.java:24)
at pom.TwitterGooglePO.twitterSrchResLink(TwitterGooglePO.java:24)
at pom.TwitterGooglePO.twitterSrchResLink(TwitterGooglePO.java:24)
at pom.TwitterGooglePO.twitterSrchResLink(TwitterGooglePO.java:24)
at pom.TwitterGooglePO.twitterSrchResLink(TwitterGooglePO.java:24)
at pom.TwitterGooglePO.twitterSrchResLink(TwitterGooglePO.java:24)
at pom.TwitterGooglePO.twitterSrchResLink(TwitterGooglePO.java:24)
at pom.TwitterGooglePO.twitterSrchResLink(TwitterGooglePO.java:24)
at pom.TwitterGooglePO.twitterSrchResLink(TwitterGooglePO.java:24)
at pom.TwitterGooglePO.twitterSrchResLink(TwitterGooglePO.java:24)
at pom.TwitterGooglePO.twitterSrchResLink(TwitterGooglePO.java:24)
at pom.TwitterGooglePO.twitterSrchResLink(TwitterGooglePO.java:24)
at pom.TwitterGooglePO.twitterSrchResLink(TwitterGooglePO.java:24)
at pom.TwitterGooglePO.twitterSrchResLink(TwitterGooglePO.java:24)
at pom.TwitterGooglePO.twitterSrchResLink(TwitterGooglePO.java:24)
at pom.TwitterGooglePO.twitterSrchResLink(TwitterGooglePO.java:24)
at pom.TwitterGooglePO.twitterSrchResLink(TwitterGooglePO.java:24)
at pom.TwitterGooglePO.twitterSrchResLink(TwitterGooglePO.java:24)
at pom.TwitterGooglePO.twitterSrchResLink(TwitterGooglePO.java:24)
at pom.TwitterGooglePO.twitterSrchResLink(TwitterGooglePO.java:24)
at pom.TwitterGooglePO.twitterSrchResLink(TwitterGooglePO.java:24)
at pom.TwitterGooglePO.twitterSrchResLink(TwitterGooglePO.java:24)
at pom.TwitterGooglePO.twitterSrchResLink(TwitterGooglePO.java:24)
at pom.TwitterGooglePO.twitterSrchResLink(TwitterGooglePO.java:24)
at pom.TwitterGooglePO.twitterSrchResLink(TwitterGooglePO.java:24)
at pom.TwitterGooglePO.twitterSrchResLink(TwitterGooglePO.java:24)
at pom.TwitterGooglePO.twitterSrchResLink(TwitterGooglePO.java:24)
at pom.TwitterGooglePO.twitterSrchResLink(TwitterGooglePO.java:24)
at pom.TwitterGooglePO.twitterSrchResLink(TwitterGooglePO.java:24)
at pom.TwitterGooglePO.twitterSrchResLink(TwitterGooglePO.java:24)
at pom.TwitterGooglePO.twitterSrchResLink(TwitterGooglePO.java:24)
at pom.TwitterGooglePO.twitterSrchResLink(TwitterGooglePO.java:24)
at pom.TwitterGooglePO.twitterSrchResLink(TwitterGooglePO.java:24)
at pom.TwitterGooglePO.twitterSrchResLink(TwitterGooglePO.java:24)
at pom.TwitterGooglePO.twitterSrchResLink(TwitterGooglePO.java:24)
at pom.TwitterGooglePO.twitterSrchResLink(TwitterGooglePO.java:24)
at pom.TwitterGooglePO.twitterSrchResLink(TwitterGooglePO.java:24)
at pom.TwitterGooglePO.twitterSrchResLink(TwitterGooglePO.java:24)
at pom.TwitterGooglePO.twitterSrchResLink(TwitterGooglePO.java:24)
at pom.TwitterGooglePO.twitterSrchResLink(TwitterGooglePO.java:24)
at pom.TwitterGooglePO.twitterSrchResLink(TwitterGooglePO.java:24)
at pom.TwitterGooglePO.twitterSrchResLink(TwitterGooglePO.java:24)
at pom.TwitterGooglePO.twitterSrchResLink(TwitterGooglePO.java:24)
at pom.TwitterGooglePO.twitterSrchResLink(TwitterGooglePO.java:24)
at pom.TwitterGooglePO.twitterSrchResLink(TwitterGooglePO.java:24)
at pom.TwitterGooglePO.twitterSrchResLink(TwitterGooglePO.java:24)
at pom.TwitterGooglePO.twitterSrchResLink(TwitterGooglePO.java:24)
at pom.TwitterGooglePO.twitterSrchResLink(TwitterGooglePO.java:24)
at pom.TwitterGooglePO.twitterSrchResLink(TwitterGooglePO.java:24)
at pom.TwitterGooglePO.twitterSrchResLink(TwitterGooglePO.java:24)
at pom.TwitterGooglePO.twitterSrchResLink(TwitterGooglePO.java:24)
at pom.TwitterGooglePO.twitterSrchResLink(TwitterGooglePO.java:24)
at pom.TwitterGooglePO.twitterSrchResLink(TwitterGooglePO.java:24)
at pom.TwitterGooglePO.twitterSrchResLink(TwitterGooglePO.java:24)
at pom.TwitterGooglePO.twitterSrchResLink(TwitterGooglePO.java:24)
at pom.TwitterGooglePO.twitterSrchResLink(TwitterGooglePO.java:24)
at pom.TwitterGooglePO.twitterSrchResLink(TwitterGooglePO.java:24)
at pom.TwitterGooglePO.twitterSrchResLink(TwitterGooglePO.java:24)
at pom.TwitterGooglePO.twitterSrchResLink(TwitterGooglePO.java:24)
at pom.TwitterGooglePO.twitterSrchResLink(TwitterGooglePO.java:24)
at pom.TwitterGooglePO.twitterSrchResLink(TwitterGooglePO.java:24)
at pom.TwitterGooglePO.twitterSrchResLink(TwitterGooglePO.java:24)
at pom.TwitterGooglePO.twitterSrchResLink(TwitterGooglePO.java:24)
at pom.TwitterGooglePO.twitterSrchResLink(TwitterGooglePO.java:24)
at pom.TwitterGooglePO.twitterSrchResLink(TwitterGooglePO.java:24)
at pom.TwitterGooglePO.twitterSrchResLink(TwitterGooglePO.java:24)
at pom.TwitterGooglePO.twitterSrchResLink(TwitterGooglePO.java:24)
at pom.TwitterGooglePO.twitterSrchResLink(TwitterGooglePO.java:24)
at pom.TwitterGooglePO.twitterSrchResLink(TwitterGooglePO.java:24)
at pom.TwitterGooglePO.twitterSrchResLink(TwitterGooglePO.java:24)
at pom.TwitterGooglePO.twitterSrchResLink(TwitterGooglePO.java:24)
at pom.TwitterGooglePO.twitterSrchResLink(TwitterGooglePO.java:24)
at pom.TwitterGooglePO.twitterSrchResLink(TwitterGooglePO.java:24)
at pom.TwitterGooglePO.twitterSrchResLink(TwitterGooglePO.java:24)
at pom.TwitterGooglePO.twitterSrchResLink(TwitterGooglePO.java:24)
at pom.TwitterGooglePO.twitterSrchResLink(TwitterGooglePO.java:24)
at pom.TwitterGooglePO.twitterSrchResLink(TwitterGooglePO.java:24)
at pom.TwitterGooglePO.twitterSrchResLink(TwitterGooglePO.java:24)
at pom.TwitterGooglePO.twitterSrchResLink(TwitterGooglePO.java:24)
at pom.TwitterGooglePO.twitterSrchResLink(TwitterGooglePO.java:24)
at pom.TwitterGooglePO.twitterSrchResLink(TwitterGooglePO.java:24)
at pom.TwitterGooglePO.twitterSrchResLink(TwitterGooglePO.java:24)
at pom.TwitterGooglePO.twitterSrchResLink(TwitterGooglePO.java:24)
at pom.TwitterGooglePO.twitterSrchResLink(TwitterGooglePO.java:24)
at pom.TwitterGooglePO.twitterSrchResLink(TwitterGooglePO.java:24)
at pom.TwitterGooglePO.twitterSrchResLink(TwitterGooglePO.java:24)
at pom.TwitterGooglePO.twitterSrchResLink(TwitterGooglePO.java:24)
at pom.TwitterGooglePO.twitterSrchResLink(TwitterGooglePO.java:24)
at pom.TwitterGooglePO.twitterSrchResLink(TwitterGooglePO.java:24)
at pom.TwitterGooglePO.twitterSrchResLink(TwitterGooglePO.java:24)
at pom.TwitterGooglePO.twitterSrchResLink(TwitterGooglePO.java:24)
at pom.TwitterGooglePO.twitterSrchResLink(TwitterGooglePO.java:24)
at pom.TwitterGooglePO.twitterSrchResLink(TwitterGooglePO.java:24)
at pom.TwitterGooglePO.twitterSrchResLink(TwitterGooglePO.java:24)
at pom.TwitterGooglePO.twitterSrchResLink(TwitterGooglePO.java:24)
at pom.TwitterGooglePO.twitterSrchResLink(TwitterGooglePO.java:24)
at pom.TwitterGooglePO.twitterSrchResLink(TwitterGooglePO.java:24)
at pom.TwitterGooglePO.twitterSrchResLink(TwitterGooglePO.java:24)
at pom.TwitterGooglePO.twitterSrchResLink(TwitterGooglePO.java:24)
at pom.TwitterGooglePO.twitterSrchResLink(TwitterGooglePO.java:24)
at pom.TwitterGooglePO.twitterSrchResLink(TwitterGooglePO.java:24)
at pom.TwitterGooglePO.twitterSrchResLink(TwitterGooglePO.java:24)
at pom.TwitterGooglePO.twitterSrchResLink(TwitterGooglePO.java:24)
at pom.TwitterGooglePO.twitterSrchResLink(TwitterGooglePO.java:24)
at pom.TwitterGooglePO.twitterSrchResLink(TwitterGooglePO.java:24)
at pom.TwitterGooglePO.twitterSrchResLink(TwitterGooglePO.java:24)
at pom.TwitterGooglePO.twitterSrchResLink(TwitterGooglePO.java:24)
at pom.TwitterGooglePO.twitterSrchResLink(TwitterGooglePO.java:24)
at pom.TwitterGooglePO.twitterSrchResLink(TwitterGooglePO.java:24)
at pom.TwitterGooglePO.twitterSrchResLink(TwitterGooglePO.java:24)
at pom.TwitterGooglePO.twitterSrchResLink(TwitterGooglePO.java:24)
at pom.TwitterGooglePO.twitterSrchResLink(TwitterGooglePO.java:24)
at pom.TwitterGooglePO.twitterSrchResLink(TwitterGooglePO.java:24)
at pom.TwitterGooglePO.twitterSrchResLink(TwitterGooglePO.java:24)
at pom.TwitterGooglePO.twitterSrchResLink(TwitterGooglePO.java:24)
at pom.TwitterGooglePO.twitterSrchResLink(TwitterGooglePO.java:24)
at pom.TwitterGooglePO.twitterSrchResLink(TwitterGooglePO.java:24)
at pom.TwitterGooglePO.twitterSrchResLink(TwitterGooglePO.java:24)
at pom.TwitterGooglePO.twitterSrchResLink(TwitterGooglePO.java:24)
at pom.TwitterGooglePO.twitterSrchResLink(TwitterGooglePO.java:24)
at pom.TwitterGooglePO.twitterSrchResLink(TwitterGooglePO.java:24)
at pom.TwitterGooglePO.twitterSrchResLink(TwitterGooglePO.java:24)
at pom.TwitterGooglePO.twitterSrchResLink(TwitterGooglePO.java:24)
at pom.TwitterGooglePO.twitterSrchResLink(TwitterGooglePO.java:24)
at pom.TwitterGooglePO.twitterSrchResLink(TwitterGooglePO.java:24)
at pom.TwitterGooglePO.twitterSrchResLink(TwitterGooglePO.java:24)
at pom.TwitterGooglePO.twitterSrchResLink(TwitterGooglePO.java:24)
at pom.TwitterGooglePO.twitterSrchResLink(TwitterGooglePO.java:24)
at pom.TwitterGooglePO.twitterSrchResLink(TwitterGooglePO.java:24)
at pom.TwitterGooglePO.twitterSrchResLink(TwitterGooglePO.java:24)
at pom.TwitterGooglePO.twitterSrchResLink(TwitterGooglePO.java:24)
at pom.TwitterGooglePO.twitterSrchResLink(TwitterGooglePO.java:24)
at pom.TwitterGooglePO.twitterSrchResLink(TwitterGooglePO.java:24)
at pom.TwitterGooglePO.twitterSrchResLink(TwitterGooglePO.java:24)
at pom.TwitterGooglePO.twitterSrchResLink(TwitterGooglePO.java:24)
at pom.TwitterGooglePO.twitterSrchResLink(TwitterGooglePO.java:24)
at pom.TwitterGooglePO.twitterSrchResLink(TwitterGooglePO.java:24)
at pom.TwitterGooglePO.twitterSrchResLink(TwitterGooglePO.java:24)
at pom.TwitterGooglePO.twitterSrchResLink(TwitterGooglePO.java:24)
at pom.TwitterGooglePO.twitterSrchResLink(TwitterGooglePO.java:24)
at pom.TwitterGooglePO.twitterSrchResLink(TwitterGooglePO.java:24)
at pom.TwitterGooglePO.twitterSrchResLink(TwitterGooglePO.java:24)
at pom.TwitterGooglePO.twitterSrchResLink(TwitterGooglePO.java:24)
at pom.TwitterGooglePO.twitterSrchResLink(TwitterGooglePO.java:24)
at pom.TwitterGooglePO.twitterSrchResLink(TwitterGooglePO.java:24)
at pom.TwitterGooglePO.twitterSrchResLink(TwitterGooglePO.java:24)
at pom.TwitterGooglePO.twitterSrchResLink(TwitterGooglePO.java:24)
at pom.TwitterGooglePO.twitterSrchResLink(TwitterGooglePO.java:24)
at pom.TwitterGooglePO.twitterSrchResLink(TwitterGooglePO.java:24)
at pom.TwitterGooglePO.twitterSrchResLink(TwitterGooglePO.java:24)
at pom.TwitterGooglePO.twitterSrchResLink(TwitterGooglePO.java:24)
at pom.TwitterGooglePO.twitterSrchResLink(TwitterGooglePO.java:24)
at pom.TwitterGooglePO.twitterSrchResLink(TwitterGooglePO.java:24)
at pom.TwitterGooglePO.twitterSrchResLink(TwitterGooglePO.java:24)
at pom.TwitterGooglePO.twitterSrchResLink(TwitterGooglePO.java:24)
at pom.TwitterGooglePO.twitterSrchResLink(TwitterGooglePO.java:24)
at pom.TwitterGooglePO.twitterSrchResLink(TwitterGooglePO.java:24)
at pom.TwitterGooglePO.twitterSrchResLink(TwitterGooglePO.java:24)
at pom.TwitterGooglePO.twitterSrchResLink(TwitterGooglePO.java:24)
at pom.TwitterGooglePO.twitterSrchResLink(TwitterGooglePO.java:24)
at pom.TwitterGooglePO.twitterSrchResLink(TwitterGooglePO.java:24)
at pom.TwitterGooglePO.twitterSrchResLink(TwitterGooglePO.java:24)
at pom.TwitterGooglePO.twitterSrchResLink(TwitterGooglePO.java:24)
at pom.TwitterGooglePO.twitterSrchResLink(TwitterGooglePO.java:24)
at pom.TwitterGooglePO.twitterSrchResLink(TwitterGooglePO.java:24)
at pom.TwitterGooglePO.twitterSrchResLink(TwitterGooglePO.java:24)
at pom.TwitterGooglePO.twitterSrchResLink(TwitterGooglePO.java:24)
at pom.TwitterGooglePO.twitterSrchResLink(TwitterGooglePO.java:24)
at pom.TwitterGooglePO.twitterSrchResLink(TwitterGooglePO.java:24)
at pom.TwitterGooglePO.twitterSrchResLink(TwitterGooglePO.java:24)
at pom.TwitterGooglePO.twitterSrchResLink(TwitterGooglePO.java:24)
at pom.TwitterGooglePO.twitterSrchResLink(TwitterGooglePO.java:24)
at pom.TwitterGooglePO.twitterSrchResLink(TwitterGooglePO.java:24)
at pom.TwitterGooglePO.twitterSrchResLink(TwitterGooglePO.java:24)
at pom.TwitterGooglePO.twitterSrchResLink(TwitterGooglePO.java:24)
at pom.TwitterGooglePO.twitterSrchResLink(TwitterGooglePO.java:24)
at pom.TwitterGooglePO.twitterSrchResLink(TwitterGooglePO.java:24)
at pom.TwitterGooglePO.twitterSrchResLink(TwitterGooglePO.java:24)
at pom.TwitterGooglePO.twitterSrchResLink(TwitterGooglePO.java:24)
at pom.TwitterGooglePO.twitterSrchResLink(TwitterGooglePO.java:24)
at pom.TwitterGooglePO.twitterSrchResLink(TwitterGooglePO.java:24)
at pom.TwitterGooglePO.twitterSrchResLink(TwitterGooglePO.java:24)
at pom.TwitterGooglePO.twitterSrchResLink(TwitterGooglePO.java:24)
at pom.TwitterGooglePO.twitterSrchResLink(TwitterGooglePO.java:24)
at pom.TwitterGooglePO.twitterSrchResLink(TwitterGooglePO.java:24)
at pom.TwitterGooglePO.twitterSrchResLink(TwitterGooglePO.java:24)
at pom.TwitterGooglePO.twitterSrchResLink(TwitterGooglePO.java:24)
at pom.TwitterGooglePO.twitterSrchResLink(TwitterGooglePO.java:24)
at pom.TwitterGooglePO.twitterSrchResLink(TwitterGooglePO.java:24)
at pom.TwitterGooglePO.twitterSrchResLink(TwitterGooglePO.java:24)
at pom.TwitterGooglePO.twitterSrchResLink(TwitterGooglePO.java:24)
at pom.TwitterGooglePO.twitterSrchResLink(TwitterGooglePO.java:24)
at pom.TwitterGooglePO.twitterSrchResLink(TwitterGooglePO.java:24)
at pom.TwitterGooglePO.twitterSrchResLink(TwitterGooglePO.java:24)
at pom.TwitterGooglePO.twitterSrchResLink(TwitterGooglePO.java:24)
at pom.TwitterGooglePO.twitterSrchResLink(TwitterGooglePO.java:24)
at pom.TwitterGooglePO.twitterSrchResLink(TwitterGooglePO.java:24)
at pom.TwitterGooglePO.twitterSrchResLink(TwitterGooglePO.java:24)
at pom.TwitterGooglePO.twitterSrchResLink(TwitterGooglePO.java:24)
at pom.TwitterGooglePO.twitterSrchResLink(TwitterGooglePO.java:24)
at pom.TwitterGooglePO.twitterSrchResLink(TwitterGooglePO.java:24)
at pom.TwitterGooglePO.twitterSrchResLink(TwitterGooglePO.java:24)
at pom.TwitterGooglePO.twitterSrchResLink(TwitterGooglePO.java:24)
at pom.TwitterGooglePO.twitterSrchResLink(TwitterGooglePO.java:24)
at pom.TwitterGooglePO.twitterSrchResLink(TwitterGooglePO.java:24)
at pom.TwitterGooglePO.twitterSrchResLink(TwitterGooglePO.java:24)
at pom.TwitterGooglePO.twitterSrchResLink(TwitterGooglePO.java:24)
at pom.TwitterGooglePO.twitterSrchResLink(TwitterGooglePO.java:24)
at pom.TwitterGooglePO.twitterSrchResLink(TwitterGooglePO.java:24)
at pom.TwitterGooglePO.twitterSrchResLink(TwitterGooglePO.java:24)
at pom.TwitterGooglePO.twitterSrchResLink(TwitterGooglePO.java:24)
at pom.TwitterGooglePO.twitterSrchResLink(TwitterGooglePO.java:24)
at pom.TwitterGooglePO.twitterSrchResLink(TwitterGooglePO.java:24)
at pom.TwitterGooglePO.twitterSrchResLink(TwitterGooglePO.java:24)
at pom.TwitterGooglePO.twitterSrchResLink(TwitterGooglePO.java:24)
at pom.TwitterGooglePO.twitterSrchResLink(TwitterGooglePO.java:24)
at pom.TwitterGooglePO.twitterSrchResLink(TwitterGooglePO.java:24)
at pom.TwitterGooglePO.twitterSrchResLink(TwitterGooglePO.java:24)
at pom.TwitterGooglePO.twitterSrchResLink(TwitterGooglePO.java:24)
at pom.TwitterGooglePO.twitterSrchResLink(TwitterGooglePO.java:24)
at pom.TwitterGooglePO.twitterSrchResLink(TwitterGooglePO.java:24)
at pom.TwitterGooglePO.twitterSrchResLink(TwitterGooglePO.java:24)
at pom.TwitterGooglePO.twitterSrchResLink(TwitterGooglePO.java:24)
at pom.TwitterGooglePO.twitterSrchResLink(TwitterGooglePO.java:24)
at pom.TwitterGooglePO.twitterSrchResLink(TwitterGooglePO.java:24)
at pom.TwitterGooglePO.twitterSrchResLink(TwitterGooglePO.java:24)
at pom.TwitterGooglePO.twitterSrchResLink(TwitterGooglePO.java:24)
at pom.TwitterGooglePO.twitterSrchResLink(TwitterGooglePO.java:24)
at pom.TwitterGooglePO.twitterSrchResLink(TwitterGooglePO.java:24)
at pom.TwitterGooglePO.twitterSrchResLink(TwitterGooglePO.java:24)
at pom.TwitterGooglePO.twitterSrchResLink(TwitterGooglePO.java:24)
at pom.TwitterGooglePO.twitterSrchResLink(TwitterGooglePO.java:24)
at pom.TwitterGooglePO.twitterSrchResLink(TwitterGooglePO.java:24)
at pom.TwitterGooglePO.twitterSrchResLink(TwitterGooglePO.java:24)
at pom.TwitterGooglePO.twitterSrchResLink(TwitterGooglePO.java:24)
at pom.TwitterGooglePO.twitterSrchResLink(TwitterGooglePO.java:24)
at pom.TwitterGooglePO.twitterSrchResLink(TwitterGooglePO.java:24)
at pom.TwitterGooglePO.twitterSrchResLink(TwitterGooglePO.java:24)
at pom.TwitterGooglePO.twitterSrchResLink(TwitterGooglePO.java:24)
at pom.TwitterGooglePO.twitterSrchResLink(TwitterGooglePO.java:24)
at pom.TwitterGooglePO.twitterSrchResLink(TwitterGooglePO.java:24)
at pom.TwitterGooglePO.twitterSrchResLink(TwitterGooglePO.java:24)
at pom.TwitterGooglePO.twitterSrchResLink(TwitterGooglePO.java:24)
at pom.TwitterGooglePO.twitterSrchResLink(TwitterGooglePO.java:24)
at pom.TwitterGooglePO.twitterSrchResLink(TwitterGooglePO.java:24)
at pom.TwitterGooglePO.twitterSrchResLink(TwitterGooglePO.java:24)
at pom.TwitterGooglePO.twitterSrchResLink(TwitterGooglePO.java:24)
at pom.TwitterGooglePO.twitterSrchResLink(TwitterGooglePO.java:24)
at pom.TwitterGooglePO.twitterSrchResLink(TwitterGooglePO.java:24)
at pom.TwitterGooglePO.twitterSrchResLink(TwitterGooglePO.java:24)
at pom.TwitterGooglePO.twitterSrchResLink(TwitterGooglePO.java:24)
at pom.TwitterGooglePO.twitterSrchResLink(TwitterGooglePO.java:24)
at pom.TwitterGooglePO.twitterSrchResLink(TwitterGooglePO.java:24)
at pom.TwitterGooglePO.twitterSrchResLink(TwitterGooglePO.java:24)
at pom.TwitterGooglePO.twitterSrchResLink(TwitterGooglePO.java:24)
at pom.TwitterGooglePO.twitterSrchResLink(TwitterGooglePO.java:24)
at pom.TwitterGooglePO.twitterSrchResLink(TwitterGooglePO.java:24)
at pom.TwitterGooglePO.twitterSrchResLink(TwitterGooglePO.java:24)
at pom.TwitterGooglePO.twitterSrchResLink(TwitterGooglePO.java:24)
at pom.TwitterGooglePO.twitterSrchResLink(TwitterGooglePO.java:24)
at pom.TwitterGooglePO.twitterSrchResLink(TwitterGooglePO.java:24)
at pom.TwitterGooglePO.twitterSrchResLink(TwitterGooglePO.java:24)
at pom.TwitterGooglePO.twitterSrchResLink(TwitterGooglePO.java:24)
at pom.TwitterGooglePO.twitterSrchResLink(TwitterGooglePO.java:24)
at pom.TwitterGooglePO.twitterSrchResLink(TwitterGooglePO.java:24)
at pom.TwitterGooglePO.twitterSrchResLink(TwitterGooglePO.java:24)
at pom.TwitterGooglePO.twitterSrchResLink(TwitterGooglePO.java:24)
at pom.TwitterGooglePO.twitterSrchResLink(TwitterGooglePO.java:24)
at pom.TwitterGooglePO.twitterSrchResLink(TwitterGooglePO.java:24)
at pom.TwitterGooglePO.twitterSrchResLink(TwitterGooglePO.java:24)
at pom.TwitterGooglePO.twitterSrchResLink(TwitterGooglePO.java:24)
at pom.TwitterGooglePO.twitterSrchResLink(TwitterGooglePO.java:24)
at pom.TwitterGooglePO.twitterSrchResLink(TwitterGooglePO.java:24)
at pom.TwitterGooglePO.twitterSrchResLink(TwitterGooglePO.java:24)
at pom.TwitterGooglePO.twitterSrchResLink(TwitterGooglePO.java:24)
at pom.TwitterGooglePO.twitterSrchResLink(TwitterGooglePO.java:24)
at pom.TwitterGooglePO.twitterSrchResLink(TwitterGooglePO.java:24)
at pom.TwitterGooglePO.twitterSrchResLink(TwitterGooglePO.java:24)
at pom.TwitterGooglePO.twitterSrchResLink(TwitterGooglePO.java:24)
at pom.TwitterGooglePO.twitterSrchResLink(TwitterGooglePO.java:24)
at pom.TwitterGooglePO.twitterSrchResLink(TwitterGooglePO.java:24)
at pom.TwitterGooglePO.twitterSrchResLink(TwitterGooglePO.java:24)
at pom.TwitterGooglePO.twitterSrchResLink(TwitterGooglePO.java:24)
at pom.TwitterGooglePO.twitterSrchResLink(TwitterGooglePO.java:24)
at pom.TwitterGooglePO.twitterSrchResLink(TwitterGooglePO.java:24)
at pom.TwitterGooglePO.twitterSrchResLink(TwitterGooglePO.java:24)
at pom.TwitterGooglePO.twitterSrchResLink(TwitterGooglePO.java:24)
at pom.TwitterGooglePO.twitterSrchResLink(TwitterGooglePO.java:24)
at pom.TwitterGooglePO.twitterSrchResLink(TwitterGooglePO.java:24)
at pom.TwitterGooglePO.twitterSrchResLink(TwitterGooglePO.java:24)
at pom.TwitterGooglePO.twitterSrchResLink(TwitterGooglePO.java:24)
at pom.TwitterGooglePO.twitterSrchResLink(TwitterGooglePO.java:24)
at pom.TwitterGooglePO.twitterSrchResLink(TwitterGooglePO.java:24)
at pom.TwitterGooglePO.twitterSrchResLink(TwitterGooglePO.java:24)
at pom.TwitterGooglePO.twitterSrchResLink(TwitterGooglePO.java:24)
at pom.TwitterGooglePO.twitterSrchResLink(TwitterGooglePO.java:24)
at pom.TwitterGooglePO.twitterSrchResLink(TwitterGooglePO.java:24)
at pom.TwitterGooglePO.twitterSrchResLink(TwitterGooglePO.java:24)
at pom.TwitterGooglePO.twitterSrchResLink(TwitterGooglePO.java:24)
at pom.TwitterGooglePO.twitterSrchResLink(TwitterGooglePO.java:24)
at pom.TwitterGooglePO.twitterSrchResLink(TwitterGooglePO.java:24)
at pom.TwitterGooglePO.twitterSrchResLink(TwitterGooglePO.java:24)
at pom.TwitterGooglePO.twitterSrchResLink(TwitterGooglePO.java:24)
at pom.TwitterGooglePO.twitterSrchResLink(TwitterGooglePO.java:24)
at pom.TwitterGooglePO.twitterSrchResLink(TwitterGooglePO.java:24)
at pom.TwitterGooglePO.twitterSrchResLink(TwitterGooglePO.java:24)
at pom.TwitterGooglePO.twitterSrchResLink(TwitterGooglePO.java:24)
at pom.TwitterGooglePO.twitterSrchResLink(TwitterGooglePO.java:24)
at pom.TwitterGooglePO.twitterSrchResLink(TwitterGooglePO.java:24)
at pom.TwitterGooglePO.twitterSrchResLink(TwitterGooglePO.java:24)
at pom.TwitterGooglePO.twitterSrchResLink(TwitterGooglePO.java:24)
at pom.TwitterGooglePO.twitterSrchResLink(TwitterGooglePO.java:24)
at pom.TwitterGooglePO.twitterSrchResLink(TwitterGooglePO.java:24)
at pom.TwitterGooglePO.twitterSrchResLink(TwitterGooglePO.java:24)
at pom.TwitterGooglePO.twitterSrchResLink(TwitterGooglePO.java:24)
at pom.TwitterGooglePO.twitterSrchResLink(TwitterGooglePO.java:24)
at pom.TwitterGooglePO.twitterSrchResLink(TwitterGooglePO.java:24)
at pom.TwitterGooglePO.twitterSrchResLink(TwitterGooglePO.java:24)
at pom.TwitterGooglePO.twitterSrchResLink(TwitterGooglePO.java:24)
at pom.TwitterGooglePO.twitterSrchResLink(TwitterGooglePO.java:24)
at pom.TwitterGooglePO.twitterSrchResLink(TwitterGooglePO.java:24)
at pom.TwitterGooglePO.twitterSrchResLink(TwitterGooglePO.java:24)
at pom.TwitterGooglePO.twitterSrchResLink(TwitterGooglePO.java:24)
at pom.TwitterGooglePO.twitterSrchResLink(TwitterGooglePO.java:24)
at pom.TwitterGooglePO.twitterSrchResLink(TwitterGooglePO.java:24)
at pom.TwitterGooglePO.twitterSrchResLink(TwitterGooglePO.java:24)
at pom.TwitterGooglePO.twitterSrchResLink(TwitterGooglePO.java:24)
at pom.TwitterGooglePO.twitterSrchResLink(TwitterGooglePO.java:24)
at pom.TwitterGooglePO.twitterSrchResLink(TwitterGooglePO.java:24)
at pom.TwitterGooglePO.twitterSrchResLink(TwitterGooglePO.java:24)
at pom.TwitterGooglePO.twitterSrchResLink(TwitterGooglePO.java:24)
at pom.TwitterGooglePO.twitterSrchResLink(TwitterGooglePO.java:24)
at pom.TwitterGooglePO.twitterSrchResLink(TwitterGooglePO.java:24)
at pom.TwitterGooglePO.twitterSrchResLink(TwitterGooglePO.java:24)
at pom.TwitterGooglePO.twitterSrchResLink(TwitterGooglePO.java:24)
at pom.TwitterGooglePO.twitterSrchResLink(TwitterGooglePO.java:24)
at pom.TwitterGooglePO.twitterSrchResLink(TwitterGooglePO.java:24)
at pom.TwitterGooglePO.twitterSrchResLink(TwitterGooglePO.java:24)
at pom.TwitterGooglePO.twitterSrchResLink(TwitterGooglePO.java:24)
at pom.TwitterGooglePO.twitterSrchResLink(TwitterGooglePO.java:24)
at pom.TwitterGooglePO.twitterSrchResLink(TwitterGooglePO.java:24)
at pom.TwitterGooglePO.twitterSrchResLink(TwitterGooglePO.java:24)
at pom.TwitterGooglePO.twitterSrchResLink(TwitterGooglePO.java:24)
at pom.TwitterGooglePO.twitterSrchResLink(TwitterGooglePO.java:24)
at pom.TwitterGooglePO.twitterSrchResLink(TwitterGooglePO.java:24)
at pom.TwitterGooglePO.twitterSrchResLink(TwitterGooglePO.java:24)
at pom.TwitterGooglePO.twitterSrchResLink(TwitterGooglePO.java:24)
at pom.TwitterGooglePO.twitterSrchResLink(TwitterGooglePO.java:24)
at pom.TwitterGooglePO.twitterSrchResLink(TwitterGooglePO.java:24)
at pom.TwitterGooglePO.twitterSrchResLink(TwitterGooglePO.java:24)
at pom.TwitterGooglePO.twitterSrchResLink(TwitterGooglePO.java:24)
at pom.TwitterGooglePO.twitterSrchResLink(TwitterGooglePO.java:24)
at pom.TwitterGooglePO.twitterSrchResLink(TwitterGooglePO.java:24)
at pom.TwitterGooglePO.twitterSrchResLink(TwitterGooglePO.java:24)
at pom.TwitterGooglePO.twitterSrchResLink(TwitterGooglePO.java:24)
at pom.TwitterGooglePO.twitterSrchResLink(TwitterGooglePO.java:24)
at pom.TwitterGooglePO.twitterSrchResLink(TwitterGooglePO.java:24)
at pom.TwitterGooglePO.twitterSrchResLink(TwitterGooglePO.java:24)
at pom.TwitterGooglePO.twitterSrchResLink(TwitterGooglePO.java:24)
at pom.TwitterGooglePO.twitterSrchResLink(TwitterGooglePO.java:24)
at pom.TwitterGooglePO.twitterSrchResLink(TwitterGooglePO.java:24)
at pom.TwitterGooglePO.twitterSrchResLink(TwitterGooglePO.java:24)
at pom.TwitterGooglePO.twitterSrchResLink(TwitterGooglePO.java:24)
at pom.TwitterGooglePO.twitterSrchResLink(TwitterGooglePO.java:24)
at pom.TwitterGooglePO.twitterSrchResLink(TwitterGooglePO.java:24)
at pom.TwitterGooglePO.twitterSrchResLink(TwitterGooglePO.java:24)
at pom.TwitterGooglePO.twitterSrchResLink(TwitterGooglePO.java:24)
at pom.TwitterGooglePO.twitterSrchResLink(TwitterGooglePO.java:24)
at pom.TwitterGooglePO.twitterSrchResLink(TwitterGooglePO.java:24)
at pom.TwitterGooglePO.twitterSrchResLink(TwitterGooglePO.java:24)
at pom.TwitterGooglePO.twitterSrchResLink(TwitterGooglePO.java:24)
at pom.TwitterGooglePO.twitterSrchResLink(TwitterGooglePO.java:24)
at pom.TwitterGooglePO.twitterSrchResLink(TwitterGooglePO.java:24)
at pom.TwitterGooglePO.twitterSrchResLink(TwitterGooglePO.java:24)
at pom.TwitterGooglePO.twitterSrchResLink(TwitterGooglePO.java:24)
at pom.TwitterGooglePO.twitterSrchResLink(TwitterGooglePO.java:24)
at pom.TwitterGooglePO.twitterSrchResLink(TwitterGooglePO.java:24)
at pom.TwitterGooglePO.twitterSrchResLink(TwitterGooglePO.java:24)
at pom.TwitterGooglePO.twitterSrchResLink(TwitterGooglePO.java:24)
at pom.TwitterGooglePO.twitterSrchResLink(TwitterGooglePO.java:24)
at pom.TwitterGooglePO.twitterSrchResLink(TwitterGooglePO.java:24)
at pom.TwitterGooglePO.twitterSrchResLink(TwitterGooglePO.java:24)
at pom.TwitterGooglePO.twitterSrchResLink(TwitterGooglePO.java:24)
at pom.TwitterGooglePO.twitterSrchResLink(TwitterGooglePO.java:24)
at pom.TwitterGooglePO.twitterSrchResLink(TwitterGooglePO.java:24)
at pom.TwitterGooglePO.twitterSrchResLink(TwitterGooglePO.java:24)
at pom.TwitterGooglePO.twitterSrchResLink(TwitterGooglePO.java:24)
at pom.TwitterGooglePO.twitterSrchResLink(TwitterGooglePO.java:24)
at pom.TwitterGooglePO.twitterSrchResLink(TwitterGooglePO.java:24)
at pom.TwitterGooglePO.twitterSrchResLink(TwitterGooglePO.java:24)
at pom.TwitterGooglePO.twitterSrchResLink(TwitterGooglePO.java:24)
at pom.TwitterGooglePO.twitterSrchResLink(TwitterGooglePO.java:24)
at pom.TwitterGooglePO.twitterSrchResLink(TwitterGooglePO.java:24)
at pom.TwitterGooglePO.twitterSrchResLink(TwitterGooglePO.java:24)
at pom.TwitterGooglePO.twitterSrchResLink(TwitterGooglePO.java:24)
at pom.TwitterGooglePO.twitterSrchResLink(TwitterGooglePO.java:24)
at pom.TwitterGooglePO.twitterSrchResLink(TwitterGooglePO.java:24)
at pom.TwitterGooglePO.twitterSrchResLink(TwitterGooglePO.java:24)
at pom.TwitterGooglePO.twitterSrchResLink(TwitterGooglePO.java:24)
at pom.TwitterGooglePO.twitterSrchResLink(TwitterGooglePO.java:24)
at pom.TwitterGooglePO.twitterSrchResLink(TwitterGooglePO.java:24)
at pom.TwitterGooglePO.twitterSrchResLink(TwitterGooglePO.java:24)
at pom.TwitterGooglePO.twitterSrchResLink(TwitterGooglePO.java:24)
at pom.TwitterGooglePO.twitterSrchResLink(TwitterGooglePO.java:24)
at pom.TwitterGooglePO.twitterSrchResLink(TwitterGooglePO.java:24)
at pom.TwitterGooglePO.twitterSrchResLink(TwitterGooglePO.java:24)
at pom.TwitterGooglePO.twitterSrchResLink(TwitterGooglePO.java:24)
at pom.TwitterGooglePO.twitterSrchResLink(TwitterGooglePO.java:24)
at pom.TwitterGooglePO.twitterSrchResLink(TwitterGooglePO.java:24)
at pom.TwitterGooglePO.twitterSrchResLink(TwitterGooglePO.java:24)
at pom.TwitterGooglePO.twitterSrchResLink(TwitterGooglePO.java:24)
at pom.TwitterGooglePO.twitterSrchResLink(TwitterGooglePO.java:24)
at pom.TwitterGooglePO.twitterSrchResLink(TwitterGooglePO.java:24)
at pom.TwitterGooglePO.twitterSrchResLink(TwitterGooglePO.java:24)
at pom.TwitterGooglePO.twitterSrchResLink(TwitterGooglePO.java:24)
at pom.TwitterGooglePO.twitterSrchResLink(TwitterGooglePO.java:24)
at pom.TwitterGooglePO.twitterSrchResLink(TwitterGooglePO.java:24)
at pom.TwitterGooglePO.twitterSrchResLink(TwitterGooglePO.java:24)
at pom.TwitterGooglePO.twitterSrchResLink(TwitterGooglePO.java:24)
at pom.TwitterGooglePO.twitterSrchResLink(TwitterGooglePO.java:24)
at pom.TwitterGooglePO.twitterSrchResLink(TwitterGooglePO.java:24)
at pom.TwitterGooglePO.twitterSrchResLink(TwitterGooglePO.java:24)
at pom.TwitterGooglePO.twitterSrchResLink(TwitterGooglePO.java:24)
at pom.TwitterGooglePO.twitterSrchResLink(TwitterGooglePO.java:24)
at pom.TwitterGooglePO.twitterSrchResLink(TwitterGooglePO.java:24)
at pom.TwitterGooglePO.twitterSrchResLink(TwitterGooglePO.java:24)
at pom.TwitterGooglePO.twitterSrchResLink(TwitterGooglePO.java:24)
at pom.TwitterGooglePO.twitterSrchResLink(TwitterGooglePO.java:24)
at pom.TwitterGooglePO.twitterSrchResLink(TwitterGooglePO.java:24)
at pom.TwitterGooglePO.twitterSrchResLink(TwitterGooglePO.java:24)
at pom.TwitterGooglePO.twitterSrchResLink(TwitterGooglePO.java:24)
at pom.TwitterGooglePO.twitterSrchResLink(TwitterGooglePO.java:24)
at pom.TwitterGooglePO.twitterSrchResLink(TwitterGooglePO.java:24)
at pom.TwitterGooglePO.twitterSrchResLink(TwitterGooglePO.java:24)
at pom.TwitterGooglePO.twitterSrchResLink(TwitterGooglePO.java:24)
at pom.TwitterGooglePO.twitterSrchResLink(TwitterGooglePO.java:24)
at pom.TwitterGooglePO.twitterSrchResLink(TwitterGooglePO.java:24)
at pom.TwitterGooglePO.twitterSrchResLink(TwitterGooglePO.java:24)
at pom.TwitterGooglePO.twitterSrchResLink(TwitterGooglePO.java:24)
at pom.TwitterGooglePO.twitterSrchResLink(TwitterGooglePO.java:24)
at pom.TwitterGooglePO.twitterSrchResLink(TwitterGooglePO.java:24)
at pom.TwitterGooglePO.twitterSrchResLink(TwitterGooglePO.java:24)
at pom.TwitterGooglePO.twitterSrchResLink(TwitterGooglePO.java:24)
at pom.TwitterGooglePO.twitterSrchResLink(TwitterGooglePO.java:24)
at pom.TwitterGooglePO.twitterSrchResLink(TwitterGooglePO.java:24)
at pom.TwitterGooglePO.twitterSrchResLink(TwitterGooglePO.java:24)
at pom.TwitterGooglePO.twitterSrchResLink(TwitterGooglePO.java:24)
at pom.TwitterGooglePO.twitterSrchResLink(TwitterGooglePO.java:24)
at pom.TwitterGooglePO.twitterSrchResLink(TwitterGooglePO.java:24)
at pom.TwitterGooglePO.twitterSrchResLink(TwitterGooglePO.java:24)
at pom.TwitterGooglePO.twitterSrchResLink(TwitterGooglePO.java:24)
at pom.TwitterGooglePO.twitterSrchResLink(TwitterGooglePO.java:24)
at pom.TwitterGooglePO.twitterSrchResLink(TwitterGooglePO.java:24)
at pom.TwitterGooglePO.twitterSrchResLink(TwitterGooglePO.java:24)
at pom.TwitterGooglePO.twitterSrchResLink(TwitterGooglePO.java:24)
at pom.TwitterGooglePO.twitterSrchResLink(TwitterGooglePO.java:24)
at pom.TwitterGooglePO.twitterSrchResLink(TwitterGooglePO.java:24)
at pom.TwitterGooglePO.twitterSrchResLink(TwitterGooglePO.java:24)
at pom.TwitterGooglePO.twitterSrchResLink(TwitterGooglePO.java:24)
at pom.TwitterGooglePO.twitterSrchResLink(TwitterGooglePO.java:24)
at pom.TwitterGooglePO.twitterSrchResLink(TwitterGooglePO.java:24)
at pom.TwitterGooglePO.twitterSrchResLink(TwitterGooglePO.java:24)
at pom.TwitterGooglePO.twitterSrchResLink(TwitterGooglePO.java:24)
at pom.TwitterGooglePO.twitterSrchResLink(TwitterGooglePO.java:24)
at pom.TwitterGooglePO.twitterSrchResLink(TwitterGooglePO.java:24)
at pom.TwitterGooglePO.twitterSrchResLink(TwitterGooglePO.java:24)
at pom.TwitterGooglePO.twitterSrchResLink(TwitterGooglePO.java:24)
at pom.TwitterGooglePO.twitterSrchResLink(TwitterGooglePO.java:24)
at pom.TwitterGooglePO.twitterSrchResLink(TwitterGooglePO.java:24)
at pom.TwitterGooglePO.twitterSrchResLink(TwitterGooglePO.java:24)
at pom.TwitterGooglePO.twitterSrchResLink(TwitterGooglePO.java:24)
at pom.TwitterGooglePO.twitterSrchResLink(TwitterGooglePO.java:24)
at pom.TwitterGooglePO.twitterSrchResLink(TwitterGooglePO.java:24)
at pom.TwitterGooglePO.twitterSrchResLink(TwitterGooglePO.java:24)
at pom.TwitterGooglePO.twitterSrchResLink(TwitterGooglePO.java:24)
at pom.TwitterGooglePO.twitterSrchResLink(TwitterGooglePO.java:24)
at pom.TwitterGooglePO.twitterSrchResLink(TwitterGooglePO.java:24)
at pom.TwitterGooglePO.twitterSrchResLink(TwitterGooglePO.java:24)
at pom.TwitterGooglePO.twitterSrchResLink(TwitterGooglePO.java:24)
at pom.TwitterGooglePO.twitterSrchResLink(TwitterGooglePO.java:24)
at pom.TwitterGooglePO.twitterSrchResLink(TwitterGooglePO.java:24)
at pom.TwitterGooglePO.twitterSrchResLink(TwitterGooglePO.java:24)
at pom.TwitterGooglePO.twitterSrchResLink(TwitterGooglePO.java:24)
at pom.TwitterGooglePO.twitterSrchResLink(TwitterGooglePO.java:24)
at pom.TwitterGooglePO.twitterSrchResLink(TwitterGooglePO.java:24)
at pom.TwitterGooglePO.twitterSrchResLink(TwitterGooglePO.java:24)
at pom.TwitterGooglePO.twitterSrchResLink(TwitterGooglePO.java:24)
at pom.TwitterGooglePO.twitterSrchResLink(TwitterGooglePO.java:24)
at pom.TwitterGooglePO.twitterSrchResLink(TwitterGooglePO.java:24)
at pom.TwitterGooglePO.twitterSrchResLink(TwitterGooglePO.java:24)
at pom.TwitterGooglePO.twitterSrchResLink(TwitterGooglePO.java:24)
at pom.TwitterGooglePO.twitterSrchResLink(TwitterGooglePO.java:24)
at pom.TwitterGooglePO.twitterSrchResLink(TwitterGooglePO.java:24)
at pom.TwitterGooglePO.twitterSrchResLink(TwitterGooglePO.java:24)
at pom.TwitterGooglePO.twitterSrchResLink(TwitterGooglePO.java:24)
at pom.TwitterGooglePO.twitterSrchResLink(TwitterGooglePO.java:24)
at pom.TwitterGooglePO.twitterSrchResLink(TwitterGooglePO.java:24)
at pom.TwitterGooglePO.twitterSrchResLink(TwitterGooglePO.java:24)
at pom.TwitterGooglePO.twitterSrchResLink(TwitterGooglePO.java:24)
at pom.TwitterGooglePO.twitterSrchResLink(TwitterGooglePO.java:24)
at pom.TwitterGooglePO.twitterSrchResLink(TwitterGooglePO.java:24)
at pom.TwitterGooglePO.twitterSrchResLink(TwitterGooglePO.java:24)
at pom.TwitterGooglePO.twitterSrchResLink(TwitterGooglePO.java:24)
at pom.TwitterGooglePO.twitterSrchResLink(TwitterGooglePO.java:24)
at pom.TwitterGooglePO.twitterSrchResLink(TwitterGooglePO.java:24)
at pom.TwitterGooglePO.twitterSrchResLink(TwitterGooglePO.java:24)
at pom.TwitterGooglePO.twitterSrchResLink(TwitterGooglePO.java:24)
at pom.TwitterGooglePO.twitterSrchResLink(TwitterGooglePO.java:24)
at pom.TwitterGooglePO.twitterSrchResLink(TwitterGooglePO.java:24)
at pom.TwitterGooglePO.twitterSrchResLink(TwitterGooglePO.java:24)
at pom.TwitterGooglePO.twitterSrchResLink(TwitterGooglePO.java:24)
at pom.TwitterGooglePO.twitterSrchResLink(TwitterGooglePO.java:24)
at pom.TwitterGooglePO.twitterSrchResLink(TwitterGooglePO.java:24)
at pom.TwitterGooglePO.twitterSrchResLink(TwitterGooglePO.java:24)
at pom.TwitterGooglePO.twitterSrchResLink(TwitterGooglePO.java:24)
at pom.TwitterGooglePO.twitterSrchResLink(TwitterGooglePO.java:24)
at pom.TwitterGooglePO.twitterSrchResLink(TwitterGooglePO.java:24)
at pom.TwitterGooglePO.twitterSrchResLink(TwitterGooglePO.java:24)
at pom.TwitterGooglePO.twitterSrchResLink(TwitterGooglePO.java:24)
at pom.TwitterGooglePO.twitterSrchResLink(TwitterGooglePO.java:24)
at pom.TwitterGooglePO.twitterSrchResLink(TwitterGooglePO.java:24)
at pom.TwitterGooglePO.twitterSrchResLink(TwitterGooglePO.java:24)
at pom.TwitterGooglePO.twitterSrchResLink(TwitterGooglePO.java:24)
at pom.TwitterGooglePO.twitterSrchResLink(TwitterGooglePO.java:24)
at pom.TwitterGooglePO.twitterSrchResLink(TwitterGooglePO.java:24)
at pom.TwitterGooglePO.twitterSrchResLink(TwitterGooglePO.java:24)
at pom.TwitterGooglePO.twitterSrchResLink(TwitterGooglePO.java:24)
at pom.TwitterGooglePO.twitterSrchResLink(TwitterGooglePO.java:24)
at pom.TwitterGooglePO.twitterSrchResLink(TwitterGooglePO.java:24)
at pom.TwitterGooglePO.twitterSrchResLink(TwitterGooglePO.java:24)
at pom.TwitterGooglePO.twitterSrchResLink(TwitterGooglePO.java:24)
at pom.TwitterGooglePO.twitterSrchResLink(TwitterGooglePO.java:24)
at pom.TwitterGooglePO.twitterSrchResLink(TwitterGooglePO.java:24)
at pom.TwitterGooglePO.twitterSrchResLink(TwitterGooglePO.java:24)
at pom.TwitterGooglePO.twitterSrchResLink(TwitterGooglePO.java:24)
at pom.TwitterGooglePO.twitterSrchResLink(TwitterGooglePO.java:24)
at pom.TwitterGooglePO.twitterSrchResLink(TwitterGooglePO.java:24)
at pom.TwitterGooglePO.twitterSrchResLink(TwitterGooglePO.java:24)
at pom.TwitterGooglePO.twitterSrchResLink(TwitterGooglePO.java:24)
at pom.TwitterGooglePO.twitterSrchResLink(TwitterGooglePO.java:24)
at pom.TwitterGooglePO.twitterSrchResLink(TwitterGooglePO.java:24)
at pom.TwitterGooglePO.twitterSrchResLink(TwitterGooglePO.java:24)
at pom.TwitterGooglePO.twitterSrchResLink(TwitterGooglePO.java:24)
at pom.TwitterGooglePO.twitterSrchResLink(TwitterGooglePO.java:24)
at pom.TwitterGooglePO.twitterSrchResLink(TwitterGooglePO.java:24)
at pom.TwitterGooglePO.twitterSrchResLink(TwitterGooglePO.java:24)
at pom.TwitterGooglePO.twitterSrchResLink(TwitterGooglePO.java:24)
at pom.TwitterGooglePO.twitterSrchResLink(TwitterGooglePO.java:24)
at pom.TwitterGooglePO.twitterSrchResLink(TwitterGooglePO.java:24)
at pom.TwitterGooglePO.twitterSrchResLink(TwitterGooglePO.java:24)
at pom.TwitterGooglePO.twitterSrchResLink(TwitterGooglePO.java:24)
at pom.TwitterGooglePO.twitterSrchResLink(TwitterGooglePO.java:24)
at pom.TwitterGooglePO.twitterSrchResLink(TwitterGooglePO.java:24)
at pom.TwitterGooglePO.twitterSrchResLink(TwitterGooglePO.java:24)
at pom.TwitterGooglePO.twitterSrchResLink(TwitterGooglePO.java:24)
at pom.TwitterGooglePO.twitterSrchResLink(TwitterGooglePO.java:24)
at pom.TwitterGooglePO.twitterSrchResLink(TwitterGooglePO.java:24)
at pom.TwitterGooglePO.twitterSrchResLink(TwitterGooglePO.java:24)
at pom.TwitterGooglePO.twitterSrchResLink(TwitterGooglePO.java:24)
at pom.TwitterGooglePO.twitterSrchResLink(TwitterGooglePO.java:24)
at pom.TwitterGooglePO.twitterSrchResLink(TwitterGooglePO.java:24)
at pom.TwitterGooglePO.twitterSrchResLink(TwitterGooglePO.java:24)
at pom.TwitterGooglePO.twitterSrchResLink(TwitterGooglePO.java:24)
at pom.TwitterGooglePO.twitterSrchResLink(TwitterGooglePO.java:24)
at pom.TwitterGooglePO.twitterSrchResLink(TwitterGooglePO.java:24)
at pom.TwitterGooglePO.twitterSrchResLink(TwitterGooglePO.java:24)
at pom.TwitterGooglePO.twitterSrchResLink(TwitterGooglePO.java:24)
at pom.TwitterGooglePO.twitterSrchResLink(TwitterGooglePO.java:24)
at pom.TwitterGooglePO.twitterSrchResLink(TwitterGooglePO.java:24)
at pom.TwitterGooglePO.twitterSrchResLink(TwitterGooglePO.java:24)
at pom.TwitterGooglePO.twitterSrchResLink(TwitterGooglePO.java:24)
at pom.TwitterGooglePO.twitterSrchResLink(TwitterGooglePO.java:24)
at pom.TwitterGooglePO.twitterSrchResLink(TwitterGooglePO.java:24)
at pom.TwitterGooglePO.twitterSrchResLink(TwitterGooglePO.java:24)
at pom.TwitterGooglePO.twitterSrchResLink(TwitterGooglePO.java:24)
at pom.TwitterGooglePO.twitterSrchResLink(TwitterGooglePO.java:24)
at pom.TwitterGooglePO.twitterSrchResLink(TwitterGooglePO.java:24)
at pom.TwitterGooglePO.twitterSrchResLink(TwitterGooglePO.java:24)
at pom.TwitterGooglePO.twitterSrchResLink(TwitterGooglePO.java:24)
at pom.TwitterGooglePO.twitterSrchResLink(TwitterGooglePO.java:24)
at pom.TwitterGooglePO.twitterSrchResLink(TwitterGooglePO.java:24)
at pom.TwitterGooglePO.twitterSrchResLink(TwitterGooglePO.java:24)
at pom.TwitterGooglePO.twitterSrchResLink(TwitterGooglePO.java:24)
at pom.TwitterGooglePO.twitterSrchResLink(TwitterGooglePO.java:24)
at pom.TwitterGooglePO.twitterSrchResLink(TwitterGooglePO.java:24)
at pom.TwitterGooglePO.twitterSrchResLink(TwitterGooglePO.java:24)
at pom.TwitterGooglePO.twitterSrchResLink(TwitterGooglePO.java:24)
at pom.TwitterGooglePO.twitterSrchResLink(TwitterGooglePO.java:24)
at pom.TwitterGooglePO.twitterSrchResLink(TwitterGooglePO.java:24)
at pom.TwitterGooglePO.twitterSrchResLink(TwitterGooglePO.java:24)
at pom.TwitterGooglePO.twitterSrchResLink(TwitterGooglePO.java:24)
at pom.TwitterGooglePO.twitterSrchResLink(TwitterGooglePO.java:24)
at pom.TwitterGooglePO.twitterSrchResLink(TwitterGooglePO.java:24)
at pom.TwitterGooglePO.twitterSrchResLink(TwitterGooglePO.java:24)
at pom.TwitterGooglePO.twitterSrchResLink(TwitterGooglePO.java:24)
at pom.TwitterGooglePO.twitterSrchResLink(TwitterGooglePO.java:24)
at pom.TwitterGooglePO.twitterSrchResLink(TwitterGooglePO.java:24)
at pom.TwitterGooglePO.twitterSrchResLink(TwitterGooglePO.java:24)
at pom.TwitterGooglePO.twitterSrchResLink(TwitterGooglePO.java:24)
at pom.TwitterGooglePO.twitterSrchResLink(TwitterGooglePO.java:24)
at pom.TwitterGooglePO.twitterSrchResLink(TwitterGooglePO.java:24)
at pom.TwitterGooglePO.twitterSrchResLink(TwitterGooglePO.java:24)
at pom.TwitterGooglePO.twitterSrchResLink(TwitterGooglePO.java:24)
at pom.TwitterGooglePO.twitterSrchResLink(TwitterGooglePO.java:24)
at pom.TwitterGooglePO.twitterSrchResLink(TwitterGooglePO.java:24)
at pom.TwitterGooglePO.twitterSrchResLink(TwitterGooglePO.java:24)
at pom.TwitterGooglePO.twitterSrchResLink(TwitterGooglePO.java:24)
at pom.TwitterGooglePO.twitterSrchResLink(TwitterGooglePO.java:24)
at pom.TwitterGooglePO.twitterSrchResLink(TwitterGooglePO.java:24)
at pom.TwitterGooglePO.twitterSrchResLink(TwitterGooglePO.java:24)
at pom.TwitterGooglePO.twitterSrchResLink(TwitterGooglePO.java:24)
at pom.TwitterGooglePO.twitterSrchResLink(TwitterGooglePO.java:24)
at pom.TwitterGooglePO.twitterSrchResLink(TwitterGooglePO.java:24)
at pom.TwitterGooglePO.twitterSrchResLink(TwitterGooglePO.java:24)
at pom.TwitterGooglePO.twitterSrchResLink(TwitterGooglePO.java:24)
at pom.TwitterGooglePO.twitterSrchResLink(TwitterGooglePO.java:24)
at pom.TwitterGooglePO.twitterSrchResLink(TwitterGooglePO.java:24)
at pom.TwitterGooglePO.twitterSrchResLink(TwitterGooglePO.java:24)
at pom.TwitterGooglePO.twitterSrchResLink(TwitterGooglePO.java:24)
at pom.TwitterGooglePO.twitterSrchResLink(TwitterGooglePO.java:24)
at pom.TwitterGooglePO.twitterSrchResLink(TwitterGooglePO.java:24)
at pom.TwitterGooglePO.twitterSrchResLink(TwitterGooglePO.java:24)
at pom.TwitterGooglePO.twitterSrchResLink(TwitterGooglePO.java:24)
at pom.TwitterGooglePO.twitterSrchResLink(TwitterGooglePO.java:24)
at pom.TwitterGooglePO.twitterSrchResLink(TwitterGooglePO.java:24)
at pom.TwitterGooglePO.twitterSrchResLink(TwitterGooglePO.java:24)
at pom.TwitterGooglePO.twitterSrchResLink(TwitterGooglePO.java:24)
at pom.TwitterGooglePO.twitterSrchResLink(TwitterGooglePO.java:24)
at pom.TwitterGooglePO.twitterSrchResLink(TwitterGooglePO.java:24)
at pom.TwitterGooglePO.twitterSrchResLink(TwitterGooglePO.java:24)
at pom.TwitterGooglePO.twitterSrchResLink(TwitterGooglePO.java:24)
at pom.TwitterGooglePO.twitterSrchResLink(TwitterGooglePO.java:24)
at pom.TwitterGooglePO.twitterSrchResLink(TwitterGooglePO.java:24)
at pom.TwitterGooglePO.twitterSrchResLink(TwitterGooglePO.java:24)
at pom.TwitterGooglePO.twitterSrchResLink(TwitterGooglePO.java:24)
at pom.TwitterGooglePO.twitterSrchResLink(TwitterGooglePO.java:24)
at pom.TwitterGooglePO.twitterSrchResLink(TwitterGooglePO.java:24)
at pom.TwitterGooglePO.twitterSrchResLink(TwitterGooglePO.java:24)
at pom.TwitterGooglePO.twitterSrchResLink(TwitterGooglePO.java:24)
at pom.TwitterGooglePO.twitterSrchResLink(TwitterGooglePO.java:24)
at pom.TwitterGooglePO.twitterSrchResLink(TwitterGooglePO.java:24)
at pom.TwitterGooglePO.twitterSrchResLink(TwitterGooglePO.java:24)
at pom.TwitterGooglePO.twitterSrchResLink(TwitterGooglePO.java:24)
at pom.TwitterGooglePO.twitterSrchResLink(TwitterGooglePO.java:24)
at pom.TwitterGooglePO.twitterSrchResLink(TwitterGooglePO.java:24)
at pom.TwitterGooglePO.twitterSrchResLink(TwitterGooglePO.java:24)
at pom.TwitterGooglePO.twitterSrchResLink(TwitterGooglePO.java:24)
at pom.TwitterGooglePO.twitterSrchResLink(TwitterGooglePO.java:24)
at pom.TwitterGooglePO.twitterSrchResLink(TwitterGooglePO.java:24)
at pom.TwitterGooglePO.twitterSrchResLink(TwitterGooglePO.java:24)
at pom.TwitterGooglePO.twitterSrchResLink(TwitterGooglePO.java:24)
at pom.TwitterGooglePO.twitterSrchResLink(TwitterGooglePO.java:24)
at pom.TwitterGooglePO.twitterSrchResLink(TwitterGooglePO.java:24)
at pom.TwitterGooglePO.twitterSrchResLink(TwitterGooglePO.java:24)
at pom.TwitterGooglePO.twitterSrchResLink(TwitterGooglePO.java:24)
at pom.TwitterGooglePO.twitterSrchResLink(TwitterGooglePO.java:24)
at pom.TwitterGooglePO.twitterSrchResLink(TwitterGooglePO.java:24)
at pom.TwitterGooglePO.twitterSrchResLink(TwitterGooglePO.java:24)
at pom.TwitterGooglePO.twitterSrchResLink(TwitterGooglePO.java:24)
at pom.TwitterGooglePO.twitterSrchResLink(TwitterGooglePO.java:24)
at pom.TwitterGooglePO.twitterSrchResLink(TwitterGooglePO.java:24)
at pom.TwitterGooglePO.twitterSrchResLink(TwitterGooglePO.java:24)
at pom.TwitterGooglePO.twitterSrchResLink(TwitterGooglePO.java:24)
at pom.TwitterGooglePO.twitterSrchResLink(TwitterGooglePO.java:24)
at pom.TwitterGooglePO.twitterSrchResLink(TwitterGooglePO.java:24)
at pom.TwitterGooglePO.twitterSrchResLink(TwitterGooglePO.java:24)
at pom.TwitterGooglePO.twitterSrchResLink(TwitterGooglePO.java:24)
at pom.TwitterGooglePO.twitterSrchResLink(TwitterGooglePO.java:24)
at pom.TwitterGooglePO.twitterSrchResLink(TwitterGooglePO.java:24)
at pom.TwitterGooglePO.twitterSrchResLink(TwitterGooglePO.java:24)
at pom.TwitterGooglePO.twitterSrchResLink(TwitterGooglePO.java:24)
at pom.TwitterGooglePO.twitterSrchResLink(TwitterGooglePO.java:24)
at pom.TwitterGooglePO.twitterSrchResLink(TwitterGooglePO.java:24)
at pom.TwitterGooglePO.twitterSrchResLink(TwitterGooglePO.java:24)
at pom.TwitterGooglePO.twitterSrchResLink(TwitterGooglePO.java:24)
at pom.TwitterGooglePO.twitterSrchResLink(TwitterGooglePO.java:24)
at pom.TwitterGooglePO.twitterSrchResLink(TwitterGooglePO.java:24)
at pom.TwitterGooglePO.twitterSrchResLink(TwitterGooglePO.java:24)
at pom.TwitterGooglePO.twitterSrchResLink(TwitterGooglePO.java:24)
at pom.TwitterGooglePO.twitterSrchResLink(TwitterGooglePO.java:24)
at pom.TwitterGooglePO.twitterSrchResLink(TwitterGooglePO.java:24)
at pom.TwitterGooglePO.twitterSrchResLink(TwitterGooglePO.java:24)
at pom.TwitterGooglePO.twitterSrchResLink(TwitterGooglePO.java:24)
at pom.TwitterGooglePO.twitterSrchResLink(TwitterGooglePO.java:24)
at pom.TwitterGooglePO.twitterSrchResLink(TwitterGooglePO.java:24)
at pom.TwitterGooglePO.twitterSrchResLink(TwitterGooglePO.java:24)
at pom.TwitterGooglePO.twitterSrchResLink(TwitterGooglePO.java:24)
at pom.TwitterGooglePO.twitterSrchResLink(TwitterGooglePO.java:24)
at pom.TwitterGooglePO.twitterSrchResLink(TwitterGooglePO.java:24)
at pom.TwitterGooglePO.twitterSrchResLink(TwitterGooglePO.java:24)
at pom.TwitterGooglePO.twitterSrchResLink(TwitterGooglePO.java:24)
at pom.TwitterGooglePO.twitterSrchResLink(TwitterGooglePO.java:24)
at pom.TwitterGooglePO.twitterSrchResLink(TwitterGooglePO.java:24)
at pom.TwitterGooglePO.twitterSrchResLink(TwitterGooglePO.java:24)
at pom.TwitterGooglePO.twitterSrchResLink(TwitterGooglePO.java:24)
at pom.TwitterGooglePO.twitterSrchResLink(TwitterGooglePO.java:24)
at pom.TwitterGooglePO.twitterSrchResLink(TwitterGooglePO.java:24)
at pom.TwitterGooglePO.twitterSrchResLink(TwitterGooglePO.java:24)
at pom.TwitterGooglePO.twitterSrchResLink(TwitterGooglePO.java:24)
at pom.TwitterGooglePO.twitterSrchResLink(TwitterGooglePO.java:24)
at pom.TwitterGooglePO.twitterSrchResLink(TwitterGooglePO.java:24)
at pom.TwitterGooglePO.twitterSrchResLink(TwitterGooglePO.java:24)
at pom.TwitterGooglePO.twitterSrchResLink(TwitterGooglePO.java:24)
at pom.TwitterGooglePO.twitterSrchResLink(TwitterGooglePO.java:24)
at pom.TwitterGooglePO.twitterSrchResLink(TwitterGooglePO.java:24)
at pom.TwitterGooglePO.twitterSrchResLink(TwitterGooglePO.java:24)
at pom.TwitterGooglePO.twitterSrchResLink(TwitterGooglePO.java:24)
at pom.TwitterGooglePO.twitterSrchResLink(TwitterGooglePO.java:24)
at pom.TwitterGooglePO.twitterSrchResLink(TwitterGooglePO.java:24)
at pom.TwitterGooglePO.twitterSrchResLink(TwitterGooglePO.java:24)
at pom.TwitterGooglePO.twitterSrchResLink(TwitterGooglePO.java:24)
at pom.TwitterGooglePO.twitterSrchResLink(TwitterGooglePO.java:24)
at pom.TwitterGooglePO.twitterSrchResLink(TwitterGooglePO.java:24)
at pom.TwitterGooglePO.twitterSrchResLink(TwitterGooglePO.java:24)
at pom.TwitterGooglePO.twitterSrchResLink(TwitterGooglePO.java:24)
at pom.TwitterGooglePO.twitterSrchResLink(TwitterGooglePO.java:24)
at pom.TwitterGooglePO.twitterSrchResLink(TwitterGooglePO.java:24)
at pom.TwitterGooglePO.twitterSrchResLink(TwitterGooglePO.java:24)
at pom.TwitterGooglePO.twitterSrchResLink(TwitterGooglePO.java:24)
at pom.TwitterGooglePO.twitterSrchResLink(TwitterGooglePO.java:24)
at pom.TwitterGooglePO.twitterSrchResLink(TwitterGooglePO.java:24)
at pom.TwitterGooglePO.twitterSrchResLink(TwitterGooglePO.java:24)
at pom.TwitterGooglePO.twitterSrchResLink(TwitterGooglePO.java:24)
at pom.TwitterGooglePO.twitterSrchResLink(TwitterGooglePO.java:24)
at pom.TwitterGooglePO.twitterSrchResLink(TwitterGooglePO.java:24)
at pom.TwitterGooglePO.twitterSrchResLink(TwitterGooglePO.java:24)
at pom.TwitterGooglePO.twitterSrchResLink(TwitterGooglePO.java:24)
at pom.TwitterGooglePO.twitterSrchResLink(TwitterGooglePO.java:24)
at pom.TwitterGooglePO.twitterSrchResLink(TwitterGooglePO.java:24)
at pom.TwitterGooglePO.twitterSrchResLink(TwitterGooglePO.java:24)
at pom.TwitterGooglePO.twitterSrchResLink(TwitterGooglePO.java:24)
at pom.TwitterGooglePO.twitterSrchResLink(TwitterGooglePO.java:24)
at pom.TwitterGooglePO.twitterSrchResLink(TwitterGooglePO.java:24)
at pom.TwitterGooglePO.twitterSrchResLink(TwitterGooglePO.java:24)
at pom.TwitterGooglePO.twitterSrchResLink(TwitterGooglePO.java:24)
at pom.TwitterGooglePO.twitterSrchResLink(TwitterGooglePO.java:24)
at pom.TwitterGooglePO.twitterSrchResLink(TwitterGooglePO.java:24)
at pom.TwitterGooglePO.twitterSrchResLink(TwitterGooglePO.java:24)
at pom.TwitterGooglePO.twitterSrchResLink(TwitterGooglePO.java:24)
at pom.TwitterGooglePO.twitterSrchResLink(TwitterGooglePO.java:24)
at pom.TwitterGooglePO.twitterSrchResLink(TwitterGooglePO.java:24)
at pom.TwitterGooglePO.twitterSrchResLink(TwitterGooglePO.java:24)
at pom.TwitterGooglePO.twitterSrchResLink(TwitterGooglePO.java:24)
at pom.TwitterGooglePO.twitterSrchResLink(TwitterGooglePO.java:24)
at pom.TwitterGooglePO.twitterSrchResLink(TwitterGooglePO.java:24)
at pom.TwitterGooglePO.twitterSrchResLink(TwitterGooglePO.java:24)
at pom.TwitterGooglePO.twitterSrchResLink(TwitterGooglePO.java:24)
at pom.TwitterGooglePO.twitterSrchResLink(TwitterGooglePO.java:24)
at pom.TwitterGooglePO.twitterSrchResLink(TwitterGooglePO.java:24)
at pom.TwitterGooglePO.twitterSrchResLink(TwitterGooglePO.java:24)
at pom.TwitterGooglePO.twitterSrchResLink(TwitterGooglePO.java:24)
at pom.TwitterGooglePO.twitterSrchResLink(TwitterGooglePO.java:24)
at pom.TwitterGooglePO.twitterSrchResLink(TwitterGooglePO.java:24)
at pom.TwitterGooglePO.twitterSrchResLink(TwitterGooglePO.java:24)
at pom.TwitterGooglePO.twitterSrchResLink(TwitterGooglePO.java:24)
at pom.TwitterGooglePO.twitterSrchResLink(TwitterGooglePO.java:24)
at pom.TwitterGooglePO.twitterSrchResLink(TwitterGooglePO.java:24)
at pom.TwitterGooglePO.twitterSrchResLink(TwitterGooglePO.java:24)
at pom.TwitterGooglePO.twitterSrchResLink(TwitterGooglePO.java:24)
at pom.TwitterGooglePO.twitterSrchResLink(TwitterGooglePO.java:24)
at pom.TwitterGooglePO.twitterSrchResLink(TwitterGooglePO.java:24)
at pom.TwitterGooglePO.twitterSrchResLink(TwitterGooglePO.java:24)
at pom.TwitterGooglePO.twitterSrchResLink(TwitterGooglePO.java:24)
at pom.TwitterGooglePO.twitterSrchResLink(TwitterGooglePO.java:24)
at pom.TwitterGooglePO.twitterSrchResLink(TwitterGooglePO.java:24)
at pom.TwitterGooglePO.twitterSrchResLink(TwitterGooglePO.java:24)
at pom.TwitterGooglePO.twitterSrchResLink(TwitterGooglePO.java:24)
at pom.TwitterGooglePO.twitterSrchResLink(TwitterGooglePO.java:24)
at pom.TwitterGooglePO.twitterSrchResLink(TwitterGooglePO.java:24)
at pom.TwitterGooglePO.twitterSrchResLink(TwitterGooglePO.java:24)
at pom.TwitterGooglePO.twitterSrchResLink(TwitterGooglePO.java:24)
at pom.TwitterGooglePO.twitterSrchResLink(TwitterGooglePO.java:24)
at pom.TwitterGooglePO.twitterSrchResLink(TwitterGooglePO.java:24)
at pom.TwitterGooglePO.twitterSrchResLink(TwitterGooglePO.java:24)
at pom.TwitterGooglePO.twitterSrchResLink(TwitterGooglePO.java:24)
at pom.TwitterGooglePO.twitterSrchResLink(TwitterGooglePO.java:24)
at pom.TwitterGooglePO.twitterSrchResLink(TwitterGooglePO.java:24)
at pom.TwitterGooglePO.twitterSrchResLink(TwitterGooglePO.java:24)
at pom.TwitterGooglePO.twitterSrchResLink(TwitterGooglePO.java:24)
at pom.TwitterGooglePO.twitterSrchResLink(TwitterGooglePO.java:24)
at pom.TwitterGooglePO.twitterSrchResLink(TwitterGooglePO.java:24)
at pom.TwitterGooglePO.twitterSrchResLink(TwitterGooglePO.java:24)
at pom.TwitterGooglePO.twitterSrchResLink(TwitterGooglePO.java:24)
at pom.TwitterGooglePO.twitterSrchResLink(TwitterGooglePO.java:24)
at pom.TwitterGooglePO.twitterSrchResLink(TwitterGooglePO.java:24)
at pom.TwitterGooglePO.twitterSrchResLink(TwitterGooglePO.java:24)
at pom.TwitterGooglePO.twitterSrchResLink(TwitterGooglePO.java:24)
at pom.TwitterGooglePO.twitterSrchResLink(TwitterGooglePO.java:24)
at pom.TwitterGooglePO.twitterSrchResLink(TwitterGooglePO.java:24)
at pom.TwitterGooglePO.twitterSrchResLink(TwitterGooglePO.java:24)
at pom.TwitterGooglePO.twitterSrchResLink(TwitterGooglePO.java:24)
at pom.TwitterGooglePO.twitterSrchResLink(TwitterGooglePO.java:24)
at pom.TwitterGooglePO.twitterSrchResLink(TwitterGooglePO.java:24)
at pom.TwitterGooglePO.twitterSrchResLink(TwitterGooglePO.java:24)
at pom.TwitterGooglePO.twitterSrchResLink(TwitterGooglePO.java:24)
at pom.TwitterGooglePO.twitterSrchResLink(TwitterGooglePO.java:24)
at pom.TwitterGooglePO.twitterSrchResLink(TwitterGooglePO.java:24)
at pom.TwitterGooglePO.twitterSrchResLink(TwitterGooglePO.java:24)
at pom.TwitterGooglePO.twitterSrchResLink(TwitterGooglePO.java:24)
at pom.TwitterGooglePO.twitterSrchResLink(TwitterGooglePO.java:24)
at pom.TwitterGooglePO.twitterSrchResLink(TwitterGooglePO.java:24)
at pom.TwitterGooglePO.twitterSrchResLink(TwitterGooglePO.java:24)
at pom.TwitterGooglePO.twitterSrchResLink(TwitterGooglePO.java:24)
at pom.TwitterGooglePO.twitterSrchResLink(TwitterGooglePO.java:24)
at pom.TwitterGooglePO.twitterSrchResLink(TwitterGooglePO.java:24)
at pom.TwitterGooglePO.twitterSrchResLink(TwitterGooglePO.java:24)
at pom.TwitterGooglePO.twitterSrchResLink(TwitterGooglePO.java:24)
at pom.TwitterGooglePO.twitterSrchResLink(TwitterGooglePO.java:24)
at pom.TwitterGooglePO.twitterSrchResLink(TwitterGooglePO.java:24)
at pom.TwitterGooglePO.twitterSrchResLink(TwitterGooglePO.java:24)
at pom.TwitterGooglePO.twitterSrchResLink(TwitterGooglePO.java:24)
at pom.TwitterGooglePO.twitterSrchResLink(TwitterGooglePO.java:24)
at pom.TwitterGooglePO.twitterSrchResLink(TwitterGooglePO.java:24)
at pom.TwitterGooglePO.twitterSrchResLink(TwitterGooglePO.java:24)
at pom.TwitterGooglePO.twitterSrchResLink(TwitterGooglePO.java:24)
at pom.TwitterGooglePO.twitterSrchResLink(TwitterGooglePO.java:24)
at pom.TwitterGooglePO.twitterSrchResLink(TwitterGooglePO.java:24)
at pom.TwitterGooglePO.twitterSrchResLink(TwitterGooglePO.java:24)
at pom.TwitterGooglePO.twitterSrchResLink(TwitterGooglePO.java:24)
at pom.TwitterGooglePO.twitterSrchResLink(TwitterGooglePO.java:24)
at pom.TwitterGooglePO.twitterSrchResLink(TwitterGooglePO.java:24)
at pom.TwitterGooglePO.twitterSrchResLink(TwitterGooglePO.java:24)
at pom.TwitterGooglePO.twitterSrchResLink(TwitterGooglePO.java:24)
at pom.TwitterGooglePO.twitterSrchResLink(TwitterGooglePO.java:24)
at pom.TwitterGooglePO.twitterSrchResLink(TwitterGooglePO.java:24)
at pom.TwitterGooglePO.twitterSrchResLink(TwitterGooglePO.java:24)
at pom.TwitterGooglePO.twitterSrchResLink(TwitterGooglePO.java:24)
at pom.TwitterGooglePO.twitterSrchResLink(TwitterGooglePO.java:24)
at pom.TwitterGooglePO.twitterSrchResLink(TwitterGooglePO.java:24)
at pom.TwitterGooglePO.twitterSrchResLink(TwitterGooglePO.java:24)
at pom.TwitterGooglePO.twitterSrchResLink(TwitterGooglePO.java:24)
at pom.TwitterGooglePO.twitterSrchResLink(TwitterGooglePO.java:24)
at pom.TwitterGooglePO.twitterSrchResLink(TwitterGooglePO.java:24)
at pom.TwitterGooglePO.twitterSrchResLink(TwitterGooglePO.java:24)
at pom.TwitterGooglePO.twitterSrchResLink(TwitterGooglePO.java:24)
at pom.TwitterGooglePO.twitterSrchResLink(TwitterGooglePO.java:24)
at pom.TwitterGooglePO.twitterSrchResLink(TwitterGooglePO.java:24)
at pom.TwitterGooglePO.twitterSrchResLink(TwitterGooglePO.java:24)
at pom.TwitterGooglePO.twitterSrchResLink(TwitterGooglePO.java:24)
at pom.TwitterGooglePO.twitterSrchResLink(TwitterGooglePO.java:24)
at pom.TwitterGooglePO.twitterSrchResLink(TwitterGooglePO.java:24)
at pom.TwitterGooglePO.twitterSrchResLink(TwitterGooglePO.java:24)
at pom.TwitterGooglePO.twitterSrchResLink(TwitterGooglePO.java:24)
at pom.TwitterGooglePO.twitterSrchResLink(TwitterGooglePO.java:24)
at pom.TwitterGooglePO.twitterSrchResLink(TwitterGooglePO.java:24)
at pom.TwitterGooglePO.twitterSrchResLink(TwitterGooglePO.java:24)
at pom.TwitterGooglePO.twitterSrchResLink(TwitterGooglePO.java:24)
at pom.TwitterGooglePO.twitterSrchResLink(TwitterGooglePO.java:24)
at pom.TwitterGooglePO.twitterSrchResLink(TwitterGooglePO.java:24)
at pom.TwitterGooglePO.twitterSrchResLink(TwitterGooglePO.java:24)
at pom.TwitterGooglePO.twitterSrchResLink(TwitterGooglePO.java:24)
at pom.TwitterGooglePO.twitterSrchResLink(TwitterGooglePO.java:24)
at pom.TwitterGooglePO.twitterSrchResLink(TwitterGooglePO.java:24)
at pom.TwitterGooglePO.twitterSrchResLink(TwitterGooglePO.java:24)
at pom.TwitterGooglePO.twitterSrchResLink(TwitterGooglePO.java:24)
at pom.TwitterGooglePO.twitterSrchResLink(TwitterGooglePO.java:24)
at pom.TwitterGooglePO.twitterSrchResLink(TwitterGooglePO.java:24)
at pom.TwitterGooglePO.twitterSrchResLink(TwitterGooglePO.java:24)
at pom.TwitterGooglePO.twitterSrchResLink(TwitterGooglePO.java:24)
at pom.TwitterGooglePO.twitterSrchResLink(TwitterGooglePO.java:24)
at pom.TwitterGooglePO.twitterSrchResLink(TwitterGooglePO.java:24)
at pom.TwitterGooglePO.twitterSrchResLink(TwitterGooglePO.java:24)
at pom.TwitterGooglePO.twitterSrchResLink(TwitterGooglePO.java:24)
at pom.TwitterGooglePO.twitterSrchResLink(TwitterGooglePO.java:24)
at pom.TwitterGooglePO.twitterSrchResLink(TwitterGooglePO.java:24)
at pom.TwitterGooglePO.twitterSrchResLink(TwitterGooglePO.java:24)
at pom.TwitterGooglePO.twitterSrchResLink(TwitterGooglePO.java:24)
at pom.TwitterGooglePO.twitterSrchResLink(TwitterGooglePO.java:24)
at pom.TwitterGooglePO.twitterSrchResLink(TwitterGooglePO.java:24)
at pom.TwitterGooglePO.twitterSrchResLink(TwitterGooglePO.java:24)
at pom.TwitterGooglePO.twitterSrchResLink(TwitterGooglePO.java:24)
at pom.TwitterGooglePO.twitterSrchResLink(TwitterGooglePO.java:24)
at pom.TwitterGooglePO.twitterSrchResLink(TwitterGooglePO.java:24)
at pom.TwitterGooglePO.twitterSrchResLink(TwitterGooglePO.java:24)
at pom.TwitterGooglePO.twitterSrchResLink(TwitterGooglePO.java:24)
at pom.TwitterGooglePO.twitterSrchResLink(TwitterGooglePO.java:24)
at pom.TwitterGooglePO.twitterSrchResLink(TwitterGooglePO.java:24)
at pom.TwitterGooglePO.twitterSrchResLink(TwitterGooglePO.java:24)
at pom.TwitterGooglePO.twitterSrchResLink(TwitterGooglePO.java:24)
at pom.TwitterGooglePO.twitterSrchResLink(TwitterGooglePO.java:24)
at pom.TwitterGooglePO.twitterSrchResLink(TwitterGooglePO.java:24)
at pom.TwitterGooglePO.twitterSrchResLink(TwitterGooglePO.java:24)
at pom.TwitterGooglePO.twitterSrchResLink(TwitterGooglePO.java:24)
at pom.TwitterGooglePO.twitterSrchResLink(TwitterGooglePO.java:24)
at pom.TwitterGooglePO.twitterSrchResLink(TwitterGooglePO.java:24)
at pom.TwitterGooglePO.twitterSrchResLink(TwitterGooglePO.java:24)
at pom.TwitterGooglePO.twitterSrchResLink(TwitterGooglePO.java:24)
at pom.TwitterGooglePO.twitterSrchResLink(TwitterGooglePO.java:24)
at pom.TwitterGooglePO.twitterSrchResLink(TwitterGooglePO.java:24)
at pom.TwitterGooglePO.twitterSrchResLink(TwitterGooglePO.java:24)
at pom.TwitterGooglePO.twitterSrchResLink(TwitterGooglePO.java:24)
at pom.TwitterGooglePO.twitterSrchResLink(TwitterGooglePO.java:24)
at pom.TwitterGooglePO.twitterSrchResLink(TwitterGooglePO.java:24)
at pom.TwitterGooglePO.twitterSrchResLink(TwitterGooglePO.java:24)
at pom.TwitterGooglePO.twitterSrchResLink(TwitterGooglePO.java:24)
at pom.TwitterGooglePO.twitterSrchResLink(TwitterGooglePO.java:24)
at pom.TwitterGooglePO.twitterSrchResLink(TwitterGooglePO.java:24)
at pom.TwitterGooglePO.twitterSrchResLink(TwitterGooglePO.java:24)
at pom.TwitterGooglePO.twitterSrchResLink(TwitterGooglePO.java:24)
at pom.TwitterGooglePO.twitterSrchResLink(TwitterGooglePO.java:24)
at pom.TwitterGooglePO.twitterSrchResLink(TwitterGooglePO.java:24)
at pom.TwitterGooglePO.twitterSrchResLink(TwitterGooglePO.java:24)
at pom.TwitterGooglePO.twitterSrchResLink(TwitterGooglePO.java:24)
at pom.TwitterGooglePO.twitterSrchResLink(TwitterGooglePO.java:24)
at pom.TwitterGooglePO.twitterSrchResLink(TwitterGooglePO.java:24)
at pom.TwitterGooglePO.twitterSrchResLink(TwitterGooglePO.java:24)
at pom.TwitterGooglePO.twitterSrchResLink(TwitterGooglePO.java:24)
at pom.TwitterGooglePO.twitterSrchResLink(TwitterGooglePO.java:24)
at pom.TwitterGooglePO.twitterSrchResLink(TwitterGooglePO.java:24)
at pom.TwitterGooglePO.twitterSrchResLink(TwitterGooglePO.java:24)
at pom.TwitterGooglePO.twitterSrchResLink(TwitterGooglePO.java:24)
at pom.TwitterGooglePO.twitterSrchResLink(TwitterGooglePO.java:24)
at pom.TwitterGooglePO.twitterSrchResLink(TwitterGooglePO.java:24)
at pom.TwitterGooglePO.twitterSrchResLink(TwitterGooglePO.java:24)
at pom.TwitterGooglePO.twitterSrchResLink(TwitterGooglePO.java:24)
at pom.TwitterGooglePO.twitterSrchResLink(TwitterGooglePO.java:24)
at pom.TwitterGooglePO.twitterSrchResLink(TwitterGooglePO.java:24)
at pom.TwitterGooglePO.twitterSrchResLink(TwitterGooglePO.java:24)
at pom.TwitterGooglePO.twitterSrchResLink(TwitterGooglePO.java:24)
at pom.TwitterGooglePO.twitterSrchResLink(TwitterGooglePO.java:24)
at pom.TwitterGooglePO.twitterSrchResLink(TwitterGooglePO.java:24)
at pom.TwitterGooglePO.twitterSrchResLink(TwitterGooglePO.java:24)
at pom.TwitterGooglePO.twitterSrchResLink(TwitterGooglePO.java:24)
at pom.TwitterGooglePO.twitterSrchResLink(TwitterGooglePO.java:24)
at pom.TwitterGooglePO.twitterSrchResLink(TwitterGooglePO.java:24)
at pom.TwitterGooglePO.twitterSrchResLink(TwitterGooglePO.java:24)
at pom.TwitterGooglePO.twitterSrchResLink(TwitterGooglePO.java:24)
at pom.TwitterGooglePO.twitterSrchResLink(TwitterGooglePO.java:24)
at pom.TwitterGooglePO.twitterSrchResLink(TwitterGooglePO.java:24)
at pom.TwitterGooglePO.twitterSrchResLink(TwitterGooglePO.java:24)
at pom.TwitterGooglePO.twitterSrchResLink(TwitterGooglePO.java:24)
at pom.TwitterGooglePO.twitterSrchResLink(TwitterGooglePO.java:24)
at pom.TwitterGooglePO.twitterSrchResLink(TwitterGooglePO.java:24)
at pom.TwitterGooglePO.twitterSrchResLink(TwitterGooglePO.java:24)
at pom.TwitterGooglePO.twitterSrchResLink(TwitterGooglePO.java:24)
at pom.TwitterGooglePO.twitterSrchResLink(TwitterGooglePO.java:24)
at pom.TwitterGooglePO.twitterSrchResLink(TwitterGooglePO.java:24)
at pom.TwitterGooglePO.twitterSrchResLink(TwitterGooglePO.java:24)
at pom.TwitterGooglePO.twitterSrchResLink(TwitterGooglePO.java:24)
at pom.TwitterGooglePO.twitterSrchResLink(TwitterGooglePO.java:24)
at pom.TwitterGooglePO.twitterSrchResLink(TwitterGooglePO.java:24)
at pom.TwitterGooglePO.twitterSrchResLink(TwitterGooglePO.java:24)
at pom.TwitterGooglePO.twitterSrchResLink(TwitterGooglePO.java:24)
at pom.TwitterGooglePO.twitterSrchResLink(TwitterGooglePO.java:24)
at pom.TwitterGooglePO.twitterSrchResLink(TwitterGooglePO.java:24)
at pom.TwitterGooglePO.twitterSrchResLink(TwitterGooglePO.java:24)
at pom.TwitterGooglePO.twitterSrchResLink(TwitterGooglePO.java:24)
at pom.TwitterGooglePO.twitterSrchResLink(TwitterGooglePO.java:24)
at pom.TwitterGooglePO.twitterSrchResLink(TwitterGooglePO.java:24)
at pom.TwitterGooglePO.twitterSrchResLink(TwitterGooglePO.java:24)
at pom.TwitterGooglePO.twitterSrchResLink(TwitterGooglePO.java:24)
]]>
            </full-stacktrace>
          </exception> <!-- java.lang.StackOverflowError -->
          <reporter-output>
            <line>
              <![CDATA[Total no. of Links = 173]]>
            </line>
          </reporter-output>
        </test-method> <!-- TwitterTest -->
        <test-method status="PASS" signature="close()[pri:0, instance:testScript.TestTwitter@77caeb3e]" name="close" is-config="true" duration-ms="735" started-at="2018-08-27T12:07:28Z" finished-at="2018-08-27T12:07:29Z">
          <reporter-output>
          </reporter-output>
        </test-method> <!-- close -->
      </class> <!-- testScript.TestTwitter -->
    </test> <!-- Default test -->
  </suite> <!-- Default suite -->
</testng-results>
