<?xml version="1.0" encoding="UTF-8"?>
<!-- Generated by org.testng.reporters.JUnitXMLReporter -->
<testsuite hostname="admin-PC" ignored="0" name="Test" tests="3" failures="1" timestamp="28 Aug 2018 15:27:15 GMT" time="82.133" errors="0">
  <testcase name="InstagramTest" time="9.011" classname="testScript.TestInsta"/>
  <testcase name="TwitterTest" time="33.619" classname="testScript.TestTwitter">
    <failure type="java.lang.AssertionError" message="expected [Instagram] but found [Login on Twitter]">
      <![CDATA[java.lang.AssertionError: expected [Instagram] but found [Login on Twitter]
at testScript.TestTwitter.TwitterTest(TestTwitter.java:24)
... Removed 31 stack frames]]>
    </failure>
  </testcase> <!-- TwitterTest -->
  <testcase name="facebookTest" time="11.527" classname="testScript.TestFac"/>
</testsuite> <!-- Test -->
