<?xml version="1.0" encoding="UTF-8"?>
<!-- Generated by org.testng.reporters.JUnitXMLReporter -->
<testsuite hostname="admin-PC" ignored="0" name="Test" tests="1" failures="1" timestamp="24 Aug 2018 11:45:54 GMT" time="8.264" errors="0">
  <testcase name="facebookTest" time="0.007" classname="testScript.Test1">
    <failure type="java.lang.Error" message="Unresolved compilation problem: 
	The method allLinksSize() is undefined for the type FacebookGooglePO
">
      <![CDATA[java.lang.Error: Unresolved compilation problem: 
The method allLinksSize() is undefined for the type FacebookGooglePO

at testScript.Test1.facebookTest(Test1.java:19)
... Removed 25 stack frames]]>
    </failure>
  </testcase> <!-- facebookTest -->
</testsuite> <!-- Test -->
