<?xml version="1.0" encoding="UTF-8"?>
<!-- Generated by org.testng.reporters.JUnitXMLReporter -->
<testsuite hostname="admin-PC" ignored="0" name="Default test" tests="1" failures="1" timestamp="27 Aug 2018 12:07:29 GMT" time="14.717" errors="0">
  <testcase name="TwitterTest" time="3.68" classname="testScript.TestTwitter">
    <failure type="java.lang.StackOverflowError">
      <![CDATA[java.lang.StackOverflowError
at pom.TwitterGooglePO.twitterSrchResLink(TwitterGooglePO.java:24)
at pom.TwitterGooglePO.twitterSrchResLink(TwitterGooglePO.java:24)
at pom.TwitterGooglePO.twitterSrchResLink(TwitterGooglePO.java:24)
at pom.TwitterGooglePO.twitterSrchResLink(TwitterGooglePO.java:24)
at pom.TwitterGooglePO.twitterSrchResLink(TwitterGooglePO.java:24)
at pom.TwitterGooglePO.twitterSrchResLink(TwitterGooglePO.java:24)
at pom.TwitterGooglePO.twitterSrchResLink(TwitterGooglePO.java:24)
at pom.TwitterGooglePO.twitterSrchResLink(TwitterGooglePO.java:24)
at pom.TwitterGooglePO.twitterSrchResLink(TwitterGooglePO.java:24)
at pom.TwitterGooglePO.twitterSrchResLink(TwitterGooglePO.java:24)
at pom.TwitterGooglePO.twitterSrchResLink(TwitterGooglePO.java:24)
at pom.TwitterGooglePO.twitterSrchResLink(TwitterGooglePO.java:24)
at pom.TwitterGooglePO.twitterSrchResLink(TwitterGooglePO.java:24)
at pom.TwitterGooglePO.twitterSrchResLink(TwitterGooglePO.java:24)
at pom.TwitterGooglePO.twitterSrchResLink(TwitterGooglePO.java:24)
at pom.TwitterGooglePO.twitterSrchResLink(TwitterGooglePO.java:24)
at pom.TwitterGooglePO.twitterSrchResLink(TwitterGooglePO.java:24)
at pom.TwitterGooglePO.twitterSrchResLink(TwitterGooglePO.java:24)
at pom.TwitterGooglePO.twitterSrchResLink(TwitterGooglePO.java:24)
at pom.TwitterGooglePO.twitterSrchResLink(TwitterGooglePO.java:24)
at pom.TwitterGooglePO.twitterSrchResLink(TwitterGooglePO.java:24)
at pom.TwitterGooglePO.twitterSrchResLink(TwitterGooglePO.java:24)
at pom.TwitterGooglePO.twitterSrchResLink(TwitterGooglePO.java:24)
at pom.TwitterGooglePO.twitterSrchResLink(TwitterGooglePO.java:24)
at pom.TwitterGooglePO.twitterSrchResLink(TwitterGooglePO.java:24)
at pom.TwitterGooglePO.twitterSrchResLink(TwitterGooglePO.java:24)
at pom.TwitterGooglePO.twitterSrchResLink(TwitterGooglePO.java:24)
at pom.TwitterGooglePO.twitterSrchResLink(TwitterGooglePO.java:24)
at pom.TwitterGooglePO.twitterSrchResLink(TwitterGooglePO.java:24)
at pom.TwitterGooglePO.twitterSrchResLink(TwitterGooglePO.java:24)
at pom.TwitterGooglePO.twitterSrchResLink(TwitterGooglePO.java:24)
at pom.TwitterGooglePO.twitterSrchResLink(TwitterGooglePO.java:24)
at pom.TwitterGooglePO.twitterSrchResLink(TwitterGooglePO.java:24)
at pom.TwitterGooglePO.twitterSrchResLink(TwitterGooglePO.java:24)
at pom.TwitterGooglePO.twitterSrchResLink(TwitterGooglePO.java:24)
at pom.TwitterGooglePO.twitterSrchResLink(TwitterGooglePO.java:24)
at pom.TwitterGooglePO.twitterSrchResLink(TwitterGooglePO.java:24)
at pom.TwitterGooglePO.twitterSrchResLink(TwitterGooglePO.java:24)
at pom.TwitterGooglePO.twitterSrchResLink(TwitterGooglePO.java:24)
at pom.TwitterGooglePO.twitterSrchResLink(TwitterGooglePO.java:24)
at pom.TwitterGooglePO.twitterSrchResLink(TwitterGooglePO.java:24)
at pom.TwitterGooglePO.twitterSrchResLink(TwitterGooglePO.java:24)
at pom.TwitterGooglePO.twitterSrchResLink(TwitterGooglePO.java:24)
at pom.TwitterGooglePO.twitterSrchResLink(TwitterGooglePO.java:24)
at pom.TwitterGooglePO.twitterSrchResLink(TwitterGooglePO.java:24)
at pom.TwitterGooglePO.twitterSrchResLink(TwitterGooglePO.java:24)
at pom.TwitterGooglePO.twitterSrchResLink(TwitterGooglePO.java:24)
at pom.TwitterGooglePO.twitterSrchResLink(TwitterGooglePO.java:24)
at pom.TwitterGooglePO.twitterSrchResLink(TwitterGooglePO.java:24)
at pom.TwitterGooglePO.twitterSrchResLink(TwitterGooglePO.java:24)
at pom.TwitterGooglePO.twitterSrchResLink(TwitterGooglePO.java:24)
at pom.TwitterGooglePO.twitterSrchResLink(TwitterGooglePO.java:24)
at pom.TwitterGooglePO.twitterSrchResLink(TwitterGooglePO.java:24)
at pom.TwitterGooglePO.twitterSrchResLink(TwitterGooglePO.java:24)
at pom.TwitterGooglePO.twitterSrchResLink(TwitterGooglePO.java:24)
at pom.TwitterGooglePO.twitterSrchResLink(TwitterGooglePO.java:24)
at pom.TwitterGooglePO.twitterSrchResLink(TwitterGooglePO.java:24)
at pom.TwitterGooglePO.twitterSrchResLink(TwitterGooglePO.java:24)
at pom.TwitterGooglePO.twitterSrchResLink(TwitterGooglePO.java:24)
at pom.TwitterGooglePO.twitterSrchResLink(TwitterGooglePO.java:24)
at pom.TwitterGooglePO.twitterSrchResLink(TwitterGooglePO.java:24)
at pom.TwitterGooglePO.twitterSrchResLink(TwitterGooglePO.java:24)
at pom.TwitterGooglePO.twitterSrchResLink(TwitterGooglePO.java:24)
at pom.TwitterGooglePO.twitterSrchResLink(TwitterGooglePO.java:24)
at pom.TwitterGooglePO.twitterSrchResLink(TwitterGooglePO.java:24)
at pom.TwitterGooglePO.twitterSrchResLink(TwitterGooglePO.java:24)
at pom.TwitterGooglePO.twitterSrchResLink(TwitterGooglePO.java:24)
at pom.TwitterGooglePO.twitterSrchResLink(TwitterGooglePO.java:24)
at pom.TwitterGooglePO.twitterSrchResLink(TwitterGooglePO.java:24)
at pom.TwitterGooglePO.twitterSrchResLink(TwitterGooglePO.java:24)
at pom.TwitterGooglePO.twitterSrchResLink(TwitterGooglePO.java:24)
at pom.TwitterGooglePO.twitterSrchResLink(TwitterGooglePO.java:24)
at pom.TwitterGooglePO.twitterSrchResLink(TwitterGooglePO.java:24)
at pom.TwitterGooglePO.twitterSrchResLink(TwitterGooglePO.java:24)
at pom.TwitterGooglePO.twitterSrchResLink(TwitterGooglePO.java:24)
at pom.TwitterGooglePO.twitterSrchResLink(TwitterGooglePO.java:24)
at pom.TwitterGooglePO.twitterSrchResLink(TwitterGooglePO.java:24)
at pom.TwitterGooglePO.twitterSrchResLink(TwitterGooglePO.java:24)
at pom.TwitterGooglePO.twitterSrchResLink(TwitterGooglePO.java:24)
at pom.TwitterGooglePO.twitterSrchResLink(TwitterGooglePO.java:24)
at pom.TwitterGooglePO.twitterSrchResLink(TwitterGooglePO.java:24)
at pom.TwitterGooglePO.twitterSrchResLink(TwitterGooglePO.java:24)
at pom.TwitterGooglePO.twitterSrchResLink(TwitterGooglePO.java:24)
at pom.TwitterGooglePO.twitterSrchResLink(TwitterGooglePO.java:24)
at pom.TwitterGooglePO.twitterSrchResLink(TwitterGooglePO.java:24)
at pom.TwitterGooglePO.twitterSrchResLink(TwitterGooglePO.java:24)
at pom.TwitterGooglePO.twitterSrchResLink(TwitterGooglePO.java:24)
at pom.TwitterGooglePO.twitterSrchResLink(TwitterGooglePO.java:24)
at pom.TwitterGooglePO.twitterSrchResLink(TwitterGooglePO.java:24)
at pom.TwitterGooglePO.twitterSrchResLink(TwitterGooglePO.java:24)
at pom.TwitterGooglePO.twitterSrchResLink(TwitterGooglePO.java:24)
at pom.TwitterGooglePO.twitterSrchResLink(TwitterGooglePO.java:24)
at pom.TwitterGooglePO.twitterSrchResLink(TwitterGooglePO.java:24)
at pom.TwitterGooglePO.twitterSrchResLink(TwitterGooglePO.java:24)
at pom.TwitterGooglePO.twitterSrchResLink(TwitterGooglePO.java:24)
at pom.TwitterGooglePO.twitterSrchResLink(TwitterGooglePO.java:24)
at pom.TwitterGooglePO.twitterSrchResLink(TwitterGooglePO.java:24)
at pom.TwitterGooglePO.twitterSrchResLink(TwitterGooglePO.java:24)
at pom.TwitterGooglePO.twitterSrchResLink(TwitterGooglePO.java:24)
at pom.TwitterGooglePO.twitterSrchResLink(TwitterGooglePO.java:24)
at pom.TwitterGooglePO.twitterSrchResLink(TwitterGooglePO.java:24)
at pom.TwitterGooglePO.twitterSrchResLink(TwitterGooglePO.java:24)
at pom.TwitterGooglePO.twitterSrchResLink(TwitterGooglePO.java:24)
at pom.TwitterGooglePO.twitterSrchResLink(TwitterGooglePO.java:24)
at pom.TwitterGooglePO.twitterSrchResLink(TwitterGooglePO.java:24)
at pom.TwitterGooglePO.twitterSrchResLink(TwitterGooglePO.java:24)
at pom.TwitterGooglePO.twitterSrchResLink(TwitterGooglePO.java:24)
at pom.TwitterGooglePO.twitterSrchResLink(TwitterGooglePO.java:24)
at pom.TwitterGooglePO.twitterSrchResLink(TwitterGooglePO.java:24)
at pom.TwitterGooglePO.twitterSrchResLink(TwitterGooglePO.java:24)
at pom.TwitterGooglePO.twitterSrchResLink(TwitterGooglePO.java:24)
at pom.TwitterGooglePO.twitterSrchResLink(TwitterGooglePO.java:24)
at pom.TwitterGooglePO.twitterSrchResLink(TwitterGooglePO.java:24)
at pom.TwitterGooglePO.twitterSrchResLink(TwitterGooglePO.java:24)
at pom.TwitterGooglePO.twitterSrchResLink(TwitterGooglePO.java:24)
at pom.TwitterGooglePO.twitterSrchResLink(TwitterGooglePO.java:24)
at pom.TwitterGooglePO.twitterSrchResLink(TwitterGooglePO.java:24)
at pom.TwitterGooglePO.twitterSrchResLink(TwitterGooglePO.java:24)
at pom.TwitterGooglePO.twitterSrchResLink(TwitterGooglePO.java:24)
at pom.TwitterGooglePO.twitterSrchResLink(TwitterGooglePO.java:24)
at pom.TwitterGooglePO.twitterSrchResLink(TwitterGooglePO.java:24)
at pom.TwitterGooglePO.twitterSrchResLink(TwitterGooglePO.java:24)
at pom.TwitterGooglePO.twitterSrchResLink(TwitterGooglePO.java:24)
at pom.TwitterGooglePO.twitterSrchResLink(TwitterGooglePO.java:24)
at pom.TwitterGooglePO.twitterSrchResLink(TwitterGooglePO.java:24)
at pom.TwitterGooglePO.twitterSrchResLink(TwitterGooglePO.java:24)
at pom.TwitterGooglePO.twitterSrchResLink(TwitterGooglePO.java:24)
at pom.TwitterGooglePO.twitterSrchResLink(TwitterGooglePO.java:24)
at pom.TwitterGooglePO.twitterSrchResLink(TwitterGooglePO.java:24)
at pom.TwitterGooglePO.twitterSrchResLink(TwitterGooglePO.java:24)
at pom.TwitterGooglePO.twitterSrchResLink(TwitterGooglePO.java:24)
at pom.TwitterGooglePO.twitterSrchResLink(TwitterGooglePO.java:24)
at pom.TwitterGooglePO.twitterSrchResLink(TwitterGooglePO.java:24)
at pom.TwitterGooglePO.twitterSrchResLink(TwitterGooglePO.java:24)
at pom.TwitterGooglePO.twitterSrchResLink(TwitterGooglePO.java:24)
at pom.TwitterGooglePO.twitterSrchResLink(TwitterGooglePO.java:24)
at pom.TwitterGooglePO.twitterSrchResLink(TwitterGooglePO.java:24)
at pom.TwitterGooglePO.twitterSrchResLink(TwitterGooglePO.java:24)
at pom.TwitterGooglePO.twitterSrchResLink(TwitterGooglePO.java:24)
at pom.TwitterGooglePO.twitterSrchResLink(TwitterGooglePO.java:24)
at pom.TwitterGooglePO.twitterSrchResLink(TwitterGooglePO.java:24)
at pom.TwitterGooglePO.twitterSrchResLink(TwitterGooglePO.java:24)
at pom.TwitterGooglePO.twitterSrchResLink(TwitterGooglePO.java:24)
at pom.TwitterGooglePO.twitterSrchResLink(TwitterGooglePO.java:24)
at pom.TwitterGooglePO.twitterSrchResLink(TwitterGooglePO.java:24)
at pom.TwitterGooglePO.twitterSrchResLink(TwitterGooglePO.java:24)
at pom.TwitterGooglePO.twitterSrchResLink(TwitterGooglePO.java:24)
at pom.TwitterGooglePO.twitterSrchResLink(TwitterGooglePO.java:24)
at pom.TwitterGooglePO.twitterSrchResLink(TwitterGooglePO.java:24)
at pom.TwitterGooglePO.twitterSrchResLink(TwitterGooglePO.java:24)
at pom.TwitterGooglePO.twitterSrchResLink(TwitterGooglePO.java:24)
at pom.TwitterGooglePO.twitterSrchResLink(TwitterGooglePO.java:24)
at pom.TwitterGooglePO.twitterSrchResLink(TwitterGooglePO.java:24)
at pom.TwitterGooglePO.twitterSrchResLink(TwitterGooglePO.java:24)
at pom.TwitterGooglePO.twitterSrchResLink(TwitterGooglePO.java:24)
at pom.TwitterGooglePO.twitterSrchResLink(TwitterGooglePO.java:24)
at pom.TwitterGooglePO.twitterSrchResLink(TwitterGooglePO.java:24)
at pom.TwitterGooglePO.twitterSrchResLink(TwitterGooglePO.java:24)
at pom.TwitterGooglePO.twitterSrchResLink(TwitterGooglePO.java:24)
at pom.TwitterGooglePO.twitterSrchResLink(TwitterGooglePO.java:24)
at pom.TwitterGooglePO.twitterSrchResLink(TwitterGooglePO.java:24)
at pom.TwitterGooglePO.twitterSrchResLink(TwitterGooglePO.java:24)
at pom.TwitterGooglePO.twitterSrchResLink(TwitterGooglePO.java:24)
at pom.TwitterGooglePO.twitterSrchResLink(TwitterGooglePO.java:24)
at pom.TwitterGooglePO.twitterSrchResLink(TwitterGooglePO.java:24)
at pom.TwitterGooglePO.twitterSrchResLink(TwitterGooglePO.java:24)
at pom.TwitterGooglePO.twitterSrchResLink(TwitterGooglePO.java:24)
at pom.TwitterGooglePO.twitterSrchResLink(TwitterGooglePO.java:24)
at pom.TwitterGooglePO.twitterSrchResLink(TwitterGooglePO.java:24)
at pom.TwitterGooglePO.twitterSrchResLink(TwitterGooglePO.java:24)
at pom.TwitterGooglePO.twitterSrchResLink(TwitterGooglePO.java:24)
at pom.TwitterGooglePO.twitterSrchResLink(TwitterGooglePO.java:24)
at pom.TwitterGooglePO.twitterSrchResLink(TwitterGooglePO.java:24)
at pom.TwitterGooglePO.twitterSrchResLink(TwitterGooglePO.java:24)
at pom.TwitterGooglePO.twitterSrchResLink(TwitterGooglePO.java:24)
at pom.TwitterGooglePO.twitterSrchResLink(TwitterGooglePO.java:24)
at pom.TwitterGooglePO.twitterSrchResLink(TwitterGooglePO.java:24)
at pom.TwitterGooglePO.twitterSrchResLink(TwitterGooglePO.java:24)
at pom.TwitterGooglePO.twitterSrchResLink(TwitterGooglePO.java:24)
at pom.TwitterGooglePO.twitterSrchResLink(TwitterGooglePO.java:24)
at pom.TwitterGooglePO.twitterSrchResLink(TwitterGooglePO.java:24)
at pom.TwitterGooglePO.twitterSrchResLink(TwitterGooglePO.java:24)
at pom.TwitterGooglePO.twitterSrchResLink(TwitterGooglePO.java:24)
at pom.TwitterGooglePO.twitterSrchResLink(TwitterGooglePO.java:24)
at pom.TwitterGooglePO.twitterSrchResLink(TwitterGooglePO.java:24)
at pom.TwitterGooglePO.twitterSrchResLink(TwitterGooglePO.java:24)
at pom.TwitterGooglePO.twitterSrchResLink(TwitterGooglePO.java:24)
at pom.TwitterGooglePO.twitterSrchResLink(TwitterGooglePO.java:24)
at pom.TwitterGooglePO.twitterSrchResLink(TwitterGooglePO.java:24)
at pom.TwitterGooglePO.twitterSrchResLink(TwitterGooglePO.java:24)
at pom.TwitterGooglePO.twitterSrchResLink(TwitterGooglePO.java:24)
at pom.TwitterGooglePO.twitterSrchResLink(TwitterGooglePO.java:24)
at pom.TwitterGooglePO.twitterSrchResLink(TwitterGooglePO.java:24)
at pom.TwitterGooglePO.twitterSrchResLink(TwitterGooglePO.java:24)
at pom.TwitterGooglePO.twitterSrchResLink(TwitterGooglePO.java:24)
at pom.TwitterGooglePO.twitterSrchResLink(TwitterGooglePO.java:24)
at pom.TwitterGooglePO.twitterSrchResLink(TwitterGooglePO.java:24)
at pom.TwitterGooglePO.twitterSrchResLink(TwitterGooglePO.java:24)
at pom.TwitterGooglePO.twitterSrchResLink(TwitterGooglePO.java:24)
at pom.TwitterGooglePO.twitterSrchResLink(TwitterGooglePO.java:24)
at pom.TwitterGooglePO.twitterSrchResLink(TwitterGooglePO.java:24)
at pom.TwitterGooglePO.twitterSrchResLink(TwitterGooglePO.java:24)
at pom.TwitterGooglePO.twitterSrchResLink(TwitterGooglePO.java:24)
at pom.TwitterGooglePO.twitterSrchResLink(TwitterGooglePO.java:24)
at pom.TwitterGooglePO.twitterSrchResLink(TwitterGooglePO.java:24)
at pom.TwitterGooglePO.twitterSrchResLink(TwitterGooglePO.java:24)
at pom.TwitterGooglePO.twitterSrchResLink(TwitterGooglePO.java:24)
at pom.TwitterGooglePO.twitterSrchResLink(TwitterGooglePO.java:24)
at pom.TwitterGooglePO.twitterSrchResLink(TwitterGooglePO.java:24)
at pom.TwitterGooglePO.twitterSrchResLink(TwitterGooglePO.java:24)
at pom.TwitterGooglePO.twitterSrchResLink(TwitterGooglePO.java:24)
at pom.TwitterGooglePO.twitterSrchResLink(TwitterGooglePO.java:24)
at pom.TwitterGooglePO.twitterSrchResLink(TwitterGooglePO.java:24)
at pom.TwitterGooglePO.twitterSrchResLink(TwitterGooglePO.java:24)
at pom.TwitterGooglePO.twitterSrchResLink(TwitterGooglePO.java:24)
at pom.TwitterGooglePO.twitterSrchResLink(TwitterGooglePO.java:24)
at pom.TwitterGooglePO.twitterSrchResLink(TwitterGooglePO.java:24)
at pom.TwitterGooglePO.twitterSrchResLink(TwitterGooglePO.java:24)
at pom.TwitterGooglePO.twitterSrchResLink(TwitterGooglePO.java:24)
at pom.TwitterGooglePO.twitterSrchResLink(TwitterGooglePO.java:24)
at pom.TwitterGooglePO.twitterSrchResLink(TwitterGooglePO.java:24)
at pom.TwitterGooglePO.twitterSrchResLink(TwitterGooglePO.java:24)
at pom.TwitterGooglePO.twitterSrchResLink(TwitterGooglePO.java:24)
at pom.TwitterGooglePO.twitterSrchResLink(TwitterGooglePO.java:24)
at pom.TwitterGooglePO.twitterSrchResLink(TwitterGooglePO.java:24)
at pom.TwitterGooglePO.twitterSrchResLink(TwitterGooglePO.java:24)
at pom.TwitterGooglePO.twitterSrchResLink(TwitterGooglePO.java:24)
at pom.TwitterGooglePO.twitterSrchResLink(TwitterGooglePO.java:24)
at pom.TwitterGooglePO.twitterSrchResLink(TwitterGooglePO.java:24)
at pom.TwitterGooglePO.twitterSrchResLink(TwitterGooglePO.java:24)
at pom.TwitterGooglePO.twitterSrchResLink(TwitterGooglePO.java:24)
at pom.TwitterGooglePO.twitterSrchResLink(TwitterGooglePO.java:24)
at pom.TwitterGooglePO.twitterSrchResLink(TwitterGooglePO.java:24)
at pom.TwitterGooglePO.twitterSrchResLink(TwitterGooglePO.java:24)
at pom.TwitterGooglePO.twitterSrchResLink(TwitterGooglePO.java:24)
at pom.TwitterGooglePO.twitterSrchResLink(TwitterGooglePO.java:24)
at pom.TwitterGooglePO.twitterSrchResLink(TwitterGooglePO.java:24)
at pom.TwitterGooglePO.twitterSrchResLink(TwitterGooglePO.java:24)
at pom.TwitterGooglePO.twitterSrchResLink(TwitterGooglePO.java:24)
at pom.TwitterGooglePO.twitterSrchResLink(TwitterGooglePO.java:24)
at pom.TwitterGooglePO.twitterSrchResLink(TwitterGooglePO.java:24)
at pom.TwitterGooglePO.twitterSrchResLink(TwitterGooglePO.java:24)
at pom.TwitterGooglePO.twitterSrchResLink(TwitterGooglePO.java:24)
at pom.TwitterGooglePO.twitterSrchResLink(TwitterGooglePO.java:24)
at pom.TwitterGooglePO.twitterSrchResLink(TwitterGooglePO.java:24)
at pom.TwitterGooglePO.twitterSrchResLink(TwitterGooglePO.java:24)
at pom.TwitterGooglePO.twitterSrchResLink(TwitterGooglePO.java:24)
at pom.TwitterGooglePO.twitterSrchResLink(TwitterGooglePO.java:24)
at pom.TwitterGooglePO.twitterSrchResLink(TwitterGooglePO.java:24)
at pom.TwitterGooglePO.twitterSrchResLink(TwitterGooglePO.java:24)
at pom.TwitterGooglePO.twitterSrchResLink(TwitterGooglePO.java:24)
at pom.TwitterGooglePO.twitterSrchResLink(TwitterGooglePO.java:24)
at pom.TwitterGooglePO.twitterSrchResLink(TwitterGooglePO.java:24)
at pom.TwitterGooglePO.twitterSrchResLink(TwitterGooglePO.java:24)
at pom.TwitterGooglePO.twitterSrchResLink(TwitterGooglePO.java:24)
at pom.TwitterGooglePO.twitterSrchResLink(TwitterGooglePO.java:24)
at pom.TwitterGooglePO.twitterSrchResLink(TwitterGooglePO.java:24)
at pom.TwitterGooglePO.twitterSrchResLink(TwitterGooglePO.java:24)
at pom.TwitterGooglePO.twitterSrchResLink(TwitterGooglePO.java:24)
at pom.TwitterGooglePO.twitterSrchResLink(TwitterGooglePO.java:24)
at pom.TwitterGooglePO.twitterSrchResLink(TwitterGooglePO.java:24)
at pom.TwitterGooglePO.twitterSrchResLink(TwitterGooglePO.java:24)
at pom.TwitterGooglePO.twitterSrchResLink(TwitterGooglePO.java:24)
at pom.TwitterGooglePO.twitterSrchResLink(TwitterGooglePO.java:24)
at pom.TwitterGooglePO.twitterSrchResLink(TwitterGooglePO.java:24)
at pom.TwitterGooglePO.twitterSrchResLink(TwitterGooglePO.java:24)
at pom.TwitterGooglePO.twitterSrchResLink(TwitterGooglePO.java:24)
at pom.TwitterGooglePO.twitterSrchResLink(TwitterGooglePO.java:24)
at pom.TwitterGooglePO.twitterSrchResLink(TwitterGooglePO.java:24)
at pom.TwitterGooglePO.twitterSrchResLink(TwitterGooglePO.java:24)
at pom.TwitterGooglePO.twitterSrchResLink(TwitterGooglePO.java:24)
at pom.TwitterGooglePO.twitterSrchResLink(TwitterGooglePO.java:24)
at pom.TwitterGooglePO.twitterSrchResLink(TwitterGooglePO.java:24)
at pom.TwitterGooglePO.twitterSrchResLink(TwitterGooglePO.java:24)
at pom.TwitterGooglePO.twitterSrchResLink(TwitterGooglePO.java:24)
at pom.TwitterGooglePO.twitterSrchResLink(TwitterGooglePO.java:24)
at pom.TwitterGooglePO.twitterSrchResLink(TwitterGooglePO.java:24)
at pom.TwitterGooglePO.twitterSrchResLink(TwitterGooglePO.java:24)
at pom.TwitterGooglePO.twitterSrchResLink(TwitterGooglePO.java:24)
at pom.TwitterGooglePO.twitterSrchResLink(TwitterGooglePO.java:24)
at pom.TwitterGooglePO.twitterSrchResLink(TwitterGooglePO.java:24)
at pom.TwitterGooglePO.twitterSrchResLink(TwitterGooglePO.java:24)
at pom.TwitterGooglePO.twitterSrchResLink(TwitterGooglePO.java:24)
at pom.TwitterGooglePO.twitterSrchResLink(TwitterGooglePO.java:24)
at pom.TwitterGooglePO.twitterSrchResLink(TwitterGooglePO.java:24)
at pom.TwitterGooglePO.twitterSrchResLink(TwitterGooglePO.java:24)
at pom.TwitterGooglePO.twitterSrchResLink(TwitterGooglePO.java:24)
at pom.TwitterGooglePO.twitterSrchResLink(TwitterGooglePO.java:24)
at pom.TwitterGooglePO.twitterSrchResLink(TwitterGooglePO.java:24)
at pom.TwitterGooglePO.twitterSrchResLink(TwitterGooglePO.java:24)
at pom.TwitterGooglePO.twitterSrchResLink(TwitterGooglePO.java:24)
at pom.TwitterGooglePO.twitterSrchResLink(TwitterGooglePO.java:24)
at pom.TwitterGooglePO.twitterSrchResLink(TwitterGooglePO.java:24)
at pom.TwitterGooglePO.twitterSrchResLink(TwitterGooglePO.java:24)
at pom.TwitterGooglePO.twitterSrchResLink(TwitterGooglePO.java:24)
at pom.TwitterGooglePO.twitterSrchResLink(TwitterGooglePO.java:24)
at pom.TwitterGooglePO.twitterSrchResLink(TwitterGooglePO.java:24)
at pom.TwitterGooglePO.twitterSrchResLink(TwitterGooglePO.java:24)
at pom.TwitterGooglePO.twitterSrchResLink(TwitterGooglePO.java:24)
at pom.TwitterGooglePO.twitterSrchResLink(TwitterGooglePO.java:24)
at pom.TwitterGooglePO.twitterSrchResLink(TwitterGooglePO.java:24)
at pom.TwitterGooglePO.twitterSrchResLink(TwitterGooglePO.java:24)
at pom.TwitterGooglePO.twitterSrchResLink(TwitterGooglePO.java:24)
at pom.TwitterGooglePO.twitterSrchResLink(TwitterGooglePO.java:24)
at pom.TwitterGooglePO.twitterSrchResLink(TwitterGooglePO.java:24)
at pom.TwitterGooglePO.twitterSrchResLink(TwitterGooglePO.java:24)
at pom.TwitterGooglePO.twitterSrchResLink(TwitterGooglePO.java:24)
at pom.TwitterGooglePO.twitterSrchResLink(TwitterGooglePO.java:24)
at pom.TwitterGooglePO.twitterSrchResLink(TwitterGooglePO.java:24)
at pom.TwitterGooglePO.twitterSrchResLink(TwitterGooglePO.java:24)
at pom.TwitterGooglePO.twitterSrchResLink(TwitterGooglePO.java:24)
at pom.TwitterGooglePO.twitterSrchResLink(TwitterGooglePO.java:24)
at pom.TwitterGooglePO.twitterSrchResLink(TwitterGooglePO.java:24)
at pom.TwitterGooglePO.twitterSrchResLink(TwitterGooglePO.java:24)
at pom.TwitterGooglePO.twitterSrchResLink(TwitterGooglePO.java:24)
at pom.TwitterGooglePO.twitterSrchResLink(TwitterGooglePO.java:24)
at pom.TwitterGooglePO.twitterSrchResLink(TwitterGooglePO.java:24)
at pom.TwitterGooglePO.twitterSrchResLink(TwitterGooglePO.java:24)
at pom.TwitterGooglePO.twitterSrchResLink(TwitterGooglePO.java:24)
at pom.TwitterGooglePO.twitterSrchResLink(TwitterGooglePO.java:24)
at pom.TwitterGooglePO.twitterSrchResLink(TwitterGooglePO.java:24)
at pom.TwitterGooglePO.twitterSrchResLink(TwitterGooglePO.java:24)
at pom.TwitterGooglePO.twitterSrchResLink(TwitterGooglePO.java:24)
at pom.TwitterGooglePO.twitterSrchResLink(TwitterGooglePO.java:24)
at pom.TwitterGooglePO.twitterSrchResLink(TwitterGooglePO.java:24)
at pom.TwitterGooglePO.twitterSrchResLink(TwitterGooglePO.java:24)
at pom.TwitterGooglePO.twitterSrchResLink(TwitterGooglePO.java:24)
at pom.TwitterGooglePO.twitterSrchResLink(TwitterGooglePO.java:24)
at pom.TwitterGooglePO.twitterSrchResLink(TwitterGooglePO.java:24)
at pom.TwitterGooglePO.twitterSrchResLink(TwitterGooglePO.java:24)
at pom.TwitterGooglePO.twitterSrchResLink(TwitterGooglePO.java:24)
at pom.TwitterGooglePO.twitterSrchResLink(TwitterGooglePO.java:24)
at pom.TwitterGooglePO.twitterSrchResLink(TwitterGooglePO.java:24)
at pom.TwitterGooglePO.twitterSrchResLink(TwitterGooglePO.java:24)
at pom.TwitterGooglePO.twitterSrchResLink(TwitterGooglePO.java:24)
at pom.TwitterGooglePO.twitterSrchResLink(TwitterGooglePO.java:24)
at pom.TwitterGooglePO.twitterSrchResLink(TwitterGooglePO.java:24)
at pom.TwitterGooglePO.twitterSrchResLink(TwitterGooglePO.java:24)
at pom.TwitterGooglePO.twitterSrchResLink(TwitterGooglePO.java:24)
at pom.TwitterGooglePO.twitterSrchResLink(TwitterGooglePO.java:24)
at pom.TwitterGooglePO.twitterSrchResLink(TwitterGooglePO.java:24)
at pom.TwitterGooglePO.twitterSrchResLink(TwitterGooglePO.java:24)
at pom.TwitterGooglePO.twitterSrchResLink(TwitterGooglePO.java:24)
at pom.TwitterGooglePO.twitterSrchResLink(TwitterGooglePO.java:24)
at pom.TwitterGooglePO.twitterSrchResLink(TwitterGooglePO.java:24)
at pom.TwitterGooglePO.twitterSrchResLink(TwitterGooglePO.java:24)
at pom.TwitterGooglePO.twitterSrchResLink(TwitterGooglePO.java:24)
at pom.TwitterGooglePO.twitterSrchResLink(TwitterGooglePO.java:24)
at pom.TwitterGooglePO.twitterSrchResLink(TwitterGooglePO.java:24)
at pom.TwitterGooglePO.twitterSrchResLink(TwitterGooglePO.java:24)
at pom.TwitterGooglePO.twitterSrchResLink(TwitterGooglePO.java:24)
at pom.TwitterGooglePO.twitterSrchResLink(TwitterGooglePO.java:24)
at pom.TwitterGooglePO.twitterSrchResLink(TwitterGooglePO.java:24)
at pom.TwitterGooglePO.twitterSrchResLink(TwitterGooglePO.java:24)
at pom.TwitterGooglePO.twitterSrchResLink(TwitterGooglePO.java:24)
at pom.TwitterGooglePO.twitterSrchResLink(TwitterGooglePO.java:24)
at pom.TwitterGooglePO.twitterSrchResLink(TwitterGooglePO.java:24)
at pom.TwitterGooglePO.twitterSrchResLink(TwitterGooglePO.java:24)
at pom.TwitterGooglePO.twitterSrchResLink(TwitterGooglePO.java:24)
at pom.TwitterGooglePO.twitterSrchResLink(TwitterGooglePO.java:24)
at pom.TwitterGooglePO.twitterSrchResLink(TwitterGooglePO.java:24)
at pom.TwitterGooglePO.twitterSrchResLink(TwitterGooglePO.java:24)
at pom.TwitterGooglePO.twitterSrchResLink(TwitterGooglePO.java:24)
at pom.TwitterGooglePO.twitterSrchResLink(TwitterGooglePO.java:24)
at pom.TwitterGooglePO.twitterSrchResLink(TwitterGooglePO.java:24)
at pom.TwitterGooglePO.twitterSrchResLink(TwitterGooglePO.java:24)
at pom.TwitterGooglePO.twitterSrchResLink(TwitterGooglePO.java:24)
at pom.TwitterGooglePO.twitterSrchResLink(TwitterGooglePO.java:24)
at pom.TwitterGooglePO.twitterSrchResLink(TwitterGooglePO.java:24)
at pom.TwitterGooglePO.twitterSrchResLink(TwitterGooglePO.java:24)
at pom.TwitterGooglePO.twitterSrchResLink(TwitterGooglePO.java:24)
at pom.TwitterGooglePO.twitterSrchResLink(TwitterGooglePO.java:24)
at pom.TwitterGooglePO.twitterSrchResLink(TwitterGooglePO.java:24)
at pom.TwitterGooglePO.twitterSrchResLink(TwitterGooglePO.java:24)
at pom.TwitterGooglePO.twitterSrchResLink(TwitterGooglePO.java:24)
at pom.TwitterGooglePO.twitterSrchResLink(TwitterGooglePO.java:24)
at pom.TwitterGooglePO.twitterSrchResLink(TwitterGooglePO.java:24)
at pom.TwitterGooglePO.twitterSrchResLink(TwitterGooglePO.java:24)
at pom.TwitterGooglePO.twitterSrchResLink(TwitterGooglePO.java:24)
at pom.TwitterGooglePO.twitterSrchResLink(TwitterGooglePO.java:24)
at pom.TwitterGooglePO.twitterSrchResLink(TwitterGooglePO.java:24)
at pom.TwitterGooglePO.twitterSrchResLink(TwitterGooglePO.java:24)
at pom.TwitterGooglePO.twitterSrchResLink(TwitterGooglePO.java:24)
at pom.TwitterGooglePO.twitterSrchResLink(TwitterGooglePO.java:24)
at pom.TwitterGooglePO.twitterSrchResLink(TwitterGooglePO.java:24)
at pom.TwitterGooglePO.twitterSrchResLink(TwitterGooglePO.java:24)
at pom.TwitterGooglePO.twitterSrchResLink(TwitterGooglePO.java:24)
at pom.TwitterGooglePO.twitterSrchResLink(TwitterGooglePO.java:24)
at pom.TwitterGooglePO.twitterSrchResLink(TwitterGooglePO.java:24)
at pom.TwitterGooglePO.twitterSrchResLink(TwitterGooglePO.java:24)
at pom.TwitterGooglePO.twitterSrchResLink(TwitterGooglePO.java:24)
at pom.TwitterGooglePO.twitterSrchResLink(TwitterGooglePO.java:24)
at pom.TwitterGooglePO.twitterSrchResLink(TwitterGooglePO.java:24)
at pom.TwitterGooglePO.twitterSrchResLink(TwitterGooglePO.java:24)
at pom.TwitterGooglePO.twitterSrchResLink(TwitterGooglePO.java:24)
at pom.TwitterGooglePO.twitterSrchResLink(TwitterGooglePO.java:24)
at pom.TwitterGooglePO.twitterSrchResLink(TwitterGooglePO.java:24)
at pom.TwitterGooglePO.twitterSrchResLink(TwitterGooglePO.java:24)
at pom.TwitterGooglePO.twitterSrchResLink(TwitterGooglePO.java:24)
at pom.TwitterGooglePO.twitterSrchResLink(TwitterGooglePO.java:24)
at pom.TwitterGooglePO.twitterSrchResLink(TwitterGooglePO.java:24)
at pom.TwitterGooglePO.twitterSrchResLink(TwitterGooglePO.java:24)
at pom.TwitterGooglePO.twitterSrchResLink(TwitterGooglePO.java:24)
at pom.TwitterGooglePO.twitterSrchResLink(TwitterGooglePO.java:24)
at pom.TwitterGooglePO.twitterSrchResLink(TwitterGooglePO.java:24)
at pom.TwitterGooglePO.twitterSrchResLink(TwitterGooglePO.java:24)
at pom.TwitterGooglePO.twitterSrchResLink(TwitterGooglePO.java:24)
at pom.TwitterGooglePO.twitterSrchResLink(TwitterGooglePO.java:24)
at pom.TwitterGooglePO.twitterSrchResLink(TwitterGooglePO.java:24)
at pom.TwitterGooglePO.twitterSrchResLink(TwitterGooglePO.java:24)
at pom.TwitterGooglePO.twitterSrchResLink(TwitterGooglePO.java:24)
at pom.TwitterGooglePO.twitterSrchResLink(TwitterGooglePO.java:24)
at pom.TwitterGooglePO.twitterSrchResLink(TwitterGooglePO.java:24)
at pom.TwitterGooglePO.twitterSrchResLink(TwitterGooglePO.java:24)
at pom.TwitterGooglePO.twitterSrchResLink(TwitterGooglePO.java:24)
at pom.TwitterGooglePO.twitterSrchResLink(TwitterGooglePO.java:24)
at pom.TwitterGooglePO.twitterSrchResLink(TwitterGooglePO.java:24)
at pom.TwitterGooglePO.twitterSrchResLink(TwitterGooglePO.java:24)
at pom.TwitterGooglePO.twitterSrchResLink(TwitterGooglePO.java:24)
at pom.TwitterGooglePO.twitterSrchResLink(TwitterGooglePO.java:24)
at pom.TwitterGooglePO.twitterSrchResLink(TwitterGooglePO.java:24)
at pom.TwitterGooglePO.twitterSrchResLink(TwitterGooglePO.java:24)
at pom.TwitterGooglePO.twitterSrchResLink(TwitterGooglePO.java:24)
at pom.TwitterGooglePO.twitterSrchResLink(TwitterGooglePO.java:24)
at pom.TwitterGooglePO.twitterSrchResLink(TwitterGooglePO.java:24)
at pom.TwitterGooglePO.twitterSrchResLink(TwitterGooglePO.java:24)
at pom.TwitterGooglePO.twitterSrchResLink(TwitterGooglePO.java:24)
at pom.TwitterGooglePO.twitterSrchResLink(TwitterGooglePO.java:24)
at pom.TwitterGooglePO.twitterSrchResLink(TwitterGooglePO.java:24)
at pom.TwitterGooglePO.twitterSrchResLink(TwitterGooglePO.java:24)
at pom.TwitterGooglePO.twitterSrchResLink(TwitterGooglePO.java:24)
at pom.TwitterGooglePO.twitterSrchResLink(TwitterGooglePO.java:24)
at pom.TwitterGooglePO.twitterSrchResLink(TwitterGooglePO.java:24)
at pom.TwitterGooglePO.twitterSrchResLink(TwitterGooglePO.java:24)
at pom.TwitterGooglePO.twitterSrchResLink(TwitterGooglePO.java:24)
at pom.TwitterGooglePO.twitterSrchResLink(TwitterGooglePO.java:24)
at pom.TwitterGooglePO.twitterSrchResLink(TwitterGooglePO.java:24)
at pom.TwitterGooglePO.twitterSrchResLink(TwitterGooglePO.java:24)
at pom.TwitterGooglePO.twitterSrchResLink(TwitterGooglePO.java:24)
at pom.TwitterGooglePO.twitterSrchResLink(TwitterGooglePO.java:24)
at pom.TwitterGooglePO.twitterSrchResLink(TwitterGooglePO.java:24)
at pom.TwitterGooglePO.twitterSrchResLink(TwitterGooglePO.java:24)
at pom.TwitterGooglePO.twitterSrchResLink(TwitterGooglePO.java:24)
at pom.TwitterGooglePO.twitterSrchResLink(TwitterGooglePO.java:24)
at pom.TwitterGooglePO.twitterSrchResLink(TwitterGooglePO.java:24)
at pom.TwitterGooglePO.twitterSrchResLink(TwitterGooglePO.java:24)
at pom.TwitterGooglePO.twitterSrchResLink(TwitterGooglePO.java:24)
at pom.TwitterGooglePO.twitterSrchResLink(TwitterGooglePO.java:24)
at pom.TwitterGooglePO.twitterSrchResLink(TwitterGooglePO.java:24)
at pom.TwitterGooglePO.twitterSrchResLink(TwitterGooglePO.java:24)
at pom.TwitterGooglePO.twitterSrchResLink(TwitterGooglePO.java:24)
at pom.TwitterGooglePO.twitterSrchResLink(TwitterGooglePO.java:24)
at pom.TwitterGooglePO.twitterSrchResLink(TwitterGooglePO.java:24)
at pom.TwitterGooglePO.twitterSrchResLink(TwitterGooglePO.java:24)
at pom.TwitterGooglePO.twitterSrchResLink(TwitterGooglePO.java:24)
at pom.TwitterGooglePO.twitterSrchResLink(TwitterGooglePO.java:24)
at pom.TwitterGooglePO.twitterSrchResLink(TwitterGooglePO.java:24)
at pom.TwitterGooglePO.twitterSrchResLink(TwitterGooglePO.java:24)
at pom.TwitterGooglePO.twitterSrchResLink(TwitterGooglePO.java:24)
at pom.TwitterGooglePO.twitterSrchResLink(TwitterGooglePO.java:24)
at pom.TwitterGooglePO.twitterSrchResLink(TwitterGooglePO.java:24)
at pom.TwitterGooglePO.twitterSrchResLink(TwitterGooglePO.java:24)
at pom.TwitterGooglePO.twitterSrchResLink(TwitterGooglePO.java:24)
at pom.TwitterGooglePO.twitterSrchResLink(TwitterGooglePO.java:24)
at pom.TwitterGooglePO.twitterSrchResLink(TwitterGooglePO.java:24)
at pom.TwitterGooglePO.twitterSrchResLink(TwitterGooglePO.java:24)
at pom.TwitterGooglePO.twitterSrchResLink(TwitterGooglePO.java:24)
at pom.TwitterGooglePO.twitterSrchResLink(TwitterGooglePO.java:24)
at pom.TwitterGooglePO.twitterSrchResLink(TwitterGooglePO.java:24)
at pom.TwitterGooglePO.twitterSrchResLink(TwitterGooglePO.java:24)
at pom.TwitterGooglePO.twitterSrchResLink(TwitterGooglePO.java:24)
at pom.TwitterGooglePO.twitterSrchResLink(TwitterGooglePO.java:24)
at pom.TwitterGooglePO.twitterSrchResLink(TwitterGooglePO.java:24)
at pom.TwitterGooglePO.twitterSrchResLink(TwitterGooglePO.java:24)
at pom.TwitterGooglePO.twitterSrchResLink(TwitterGooglePO.java:24)
at pom.TwitterGooglePO.twitterSrchResLink(TwitterGooglePO.java:24)
at pom.TwitterGooglePO.twitterSrchResLink(TwitterGooglePO.java:24)
at pom.TwitterGooglePO.twitterSrchResLink(TwitterGooglePO.java:24)
at pom.TwitterGooglePO.twitterSrchResLink(TwitterGooglePO.java:24)
at pom.TwitterGooglePO.twitterSrchResLink(TwitterGooglePO.java:24)
at pom.TwitterGooglePO.twitterSrchResLink(TwitterGooglePO.java:24)
at pom.TwitterGooglePO.twitterSrchResLink(TwitterGooglePO.java:24)
at pom.TwitterGooglePO.twitterSrchResLink(TwitterGooglePO.java:24)
at pom.TwitterGooglePO.twitterSrchResLink(TwitterGooglePO.java:24)
at pom.TwitterGooglePO.twitterSrchResLink(TwitterGooglePO.java:24)
at pom.TwitterGooglePO.twitterSrchResLink(TwitterGooglePO.java:24)
at pom.TwitterGooglePO.twitterSrchResLink(TwitterGooglePO.java:24)
at pom.TwitterGooglePO.twitterSrchResLink(TwitterGooglePO.java:24)
at pom.TwitterGooglePO.twitterSrchResLink(TwitterGooglePO.java:24)
at pom.TwitterGooglePO.twitterSrchResLink(TwitterGooglePO.java:24)
at pom.TwitterGooglePO.twitterSrchResLink(TwitterGooglePO.java:24)
at pom.TwitterGooglePO.twitterSrchResLink(TwitterGooglePO.java:24)
at pom.TwitterGooglePO.twitterSrchResLink(TwitterGooglePO.java:24)
at pom.TwitterGooglePO.twitterSrchResLink(TwitterGooglePO.java:24)
at pom.TwitterGooglePO.twitterSrchResLink(TwitterGooglePO.java:24)
at pom.TwitterGooglePO.twitterSrchResLink(TwitterGooglePO.java:24)
at pom.TwitterGooglePO.twitterSrchResLink(TwitterGooglePO.java:24)
at pom.TwitterGooglePO.twitterSrchResLink(TwitterGooglePO.java:24)
at pom.TwitterGooglePO.twitterSrchResLink(TwitterGooglePO.java:24)
at pom.TwitterGooglePO.twitterSrchResLink(TwitterGooglePO.java:24)
at pom.TwitterGooglePO.twitterSrchResLink(TwitterGooglePO.java:24)
at pom.TwitterGooglePO.twitterSrchResLink(TwitterGooglePO.java:24)
at pom.TwitterGooglePO.twitterSrchResLink(TwitterGooglePO.java:24)
at pom.TwitterGooglePO.twitterSrchResLink(TwitterGooglePO.java:24)
at pom.TwitterGooglePO.twitterSrchResLink(TwitterGooglePO.java:24)
at pom.TwitterGooglePO.twitterSrchResLink(TwitterGooglePO.java:24)
at pom.TwitterGooglePO.twitterSrchResLink(TwitterGooglePO.java:24)
at pom.TwitterGooglePO.twitterSrchResLink(TwitterGooglePO.java:24)
at pom.TwitterGooglePO.twitterSrchResLink(TwitterGooglePO.java:24)
at pom.TwitterGooglePO.twitterSrchResLink(TwitterGooglePO.java:24)
at pom.TwitterGooglePO.twitterSrchResLink(TwitterGooglePO.java:24)
at pom.TwitterGooglePO.twitterSrchResLink(TwitterGooglePO.java:24)
at pom.TwitterGooglePO.twitterSrchResLink(TwitterGooglePO.java:24)
at pom.TwitterGooglePO.twitterSrchResLink(TwitterGooglePO.java:24)
at pom.TwitterGooglePO.twitterSrchResLink(TwitterGooglePO.java:24)
at pom.TwitterGooglePO.twitterSrchResLink(TwitterGooglePO.java:24)
at pom.TwitterGooglePO.twitterSrchResLink(TwitterGooglePO.java:24)
at pom.TwitterGooglePO.twitterSrchResLink(TwitterGooglePO.java:24)
at pom.TwitterGooglePO.twitterSrchResLink(TwitterGooglePO.java:24)
at pom.TwitterGooglePO.twitterSrchResLink(TwitterGooglePO.java:24)
at pom.TwitterGooglePO.twitterSrchResLink(TwitterGooglePO.java:24)
at pom.TwitterGooglePO.twitterSrchResLink(TwitterGooglePO.java:24)
at pom.TwitterGooglePO.twitterSrchResLink(TwitterGooglePO.java:24)
at pom.TwitterGooglePO.twitterSrchResLink(TwitterGooglePO.java:24)
at pom.TwitterGooglePO.twitterSrchResLink(TwitterGooglePO.java:24)
at pom.TwitterGooglePO.twitterSrchResLink(TwitterGooglePO.java:24)
at pom.TwitterGooglePO.twitterSrchResLink(TwitterGooglePO.java:24)
at pom.TwitterGooglePO.twitterSrchResLink(TwitterGooglePO.java:24)
at pom.TwitterGooglePO.twitterSrchResLink(TwitterGooglePO.java:24)
at pom.TwitterGooglePO.twitterSrchResLink(TwitterGooglePO.java:24)
at pom.TwitterGooglePO.twitterSrchResLink(TwitterGooglePO.java:24)
at pom.TwitterGooglePO.twitterSrchResLink(TwitterGooglePO.java:24)
at pom.TwitterGooglePO.twitterSrchResLink(TwitterGooglePO.java:24)
at pom.TwitterGooglePO.twitterSrchResLink(TwitterGooglePO.java:24)
at pom.TwitterGooglePO.twitterSrchResLink(TwitterGooglePO.java:24)
at pom.TwitterGooglePO.twitterSrchResLink(TwitterGooglePO.java:24)
at pom.TwitterGooglePO.twitterSrchResLink(TwitterGooglePO.java:24)
at pom.TwitterGooglePO.twitterSrchResLink(TwitterGooglePO.java:24)
at pom.TwitterGooglePO.twitterSrchResLink(TwitterGooglePO.java:24)
at pom.TwitterGooglePO.twitterSrchResLink(TwitterGooglePO.java:24)
at pom.TwitterGooglePO.twitterSrchResLink(TwitterGooglePO.java:24)
at pom.TwitterGooglePO.twitterSrchResLink(TwitterGooglePO.java:24)
at pom.TwitterGooglePO.twitterSrchResLink(TwitterGooglePO.java:24)
at pom.TwitterGooglePO.twitterSrchResLink(TwitterGooglePO.java:24)
at pom.TwitterGooglePO.twitterSrchResLink(TwitterGooglePO.java:24)
at pom.TwitterGooglePO.twitterSrchResLink(TwitterGooglePO.java:24)
at pom.TwitterGooglePO.twitterSrchResLink(TwitterGooglePO.java:24)
at pom.TwitterGooglePO.twitterSrchResLink(TwitterGooglePO.java:24)
at pom.TwitterGooglePO.twitterSrchResLink(TwitterGooglePO.java:24)
at pom.TwitterGooglePO.twitterSrchResLink(TwitterGooglePO.java:24)
at pom.TwitterGooglePO.twitterSrchResLink(TwitterGooglePO.java:24)
at pom.TwitterGooglePO.twitterSrchResLink(TwitterGooglePO.java:24)
at pom.TwitterGooglePO.twitterSrchResLink(TwitterGooglePO.java:24)
at pom.TwitterGooglePO.twitterSrchResLink(TwitterGooglePO.java:24)
at pom.TwitterGooglePO.twitterSrchResLink(TwitterGooglePO.java:24)
at pom.TwitterGooglePO.twitterSrchResLink(TwitterGooglePO.java:24)
at pom.TwitterGooglePO.twitterSrchResLink(TwitterGooglePO.java:24)
at pom.TwitterGooglePO.twitterSrchResLink(TwitterGooglePO.java:24)
at pom.TwitterGooglePO.twitterSrchResLink(TwitterGooglePO.java:24)
at pom.TwitterGooglePO.twitterSrchResLink(TwitterGooglePO.java:24)
at pom.TwitterGooglePO.twitterSrchResLink(TwitterGooglePO.java:24)
at pom.TwitterGooglePO.twitterSrchResLink(TwitterGooglePO.java:24)
at pom.TwitterGooglePO.twitterSrchResLink(TwitterGooglePO.java:24)
at pom.TwitterGooglePO.twitterSrchResLink(TwitterGooglePO.java:24)
at pom.TwitterGooglePO.twitterSrchResLink(TwitterGooglePO.java:24)
at pom.TwitterGooglePO.twitterSrchResLink(TwitterGooglePO.java:24)
at pom.TwitterGooglePO.twitterSrchResLink(TwitterGooglePO.java:24)
at pom.TwitterGooglePO.twitterSrchResLink(TwitterGooglePO.java:24)
at pom.TwitterGooglePO.twitterSrchResLink(TwitterGooglePO.java:24)
at pom.TwitterGooglePO.twitterSrchResLink(TwitterGooglePO.java:24)
at pom.TwitterGooglePO.twitterSrchResLink(TwitterGooglePO.java:24)
at pom.TwitterGooglePO.twitterSrchResLink(TwitterGooglePO.java:24)
at pom.TwitterGooglePO.twitterSrchResLink(TwitterGooglePO.java:24)
at pom.TwitterGooglePO.twitterSrchResLink(TwitterGooglePO.java:24)
at pom.TwitterGooglePO.twitterSrchResLink(TwitterGooglePO.java:24)
at pom.TwitterGooglePO.twitterSrchResLink(TwitterGooglePO.java:24)
at pom.TwitterGooglePO.twitterSrchResLink(TwitterGooglePO.java:24)
at pom.TwitterGooglePO.twitterSrchResLink(TwitterGooglePO.java:24)
at pom.TwitterGooglePO.twitterSrchResLink(TwitterGooglePO.java:24)
at pom.TwitterGooglePO.twitterSrchResLink(TwitterGooglePO.java:24)
at pom.TwitterGooglePO.twitterSrchResLink(TwitterGooglePO.java:24)
at pom.TwitterGooglePO.twitterSrchResLink(TwitterGooglePO.java:24)
at pom.TwitterGooglePO.twitterSrchResLink(TwitterGooglePO.java:24)
at pom.TwitterGooglePO.twitterSrchResLink(TwitterGooglePO.java:24)
at pom.TwitterGooglePO.twitterSrchResLink(TwitterGooglePO.java:24)
at pom.TwitterGooglePO.twitterSrchResLink(TwitterGooglePO.java:24)
at pom.TwitterGooglePO.twitterSrchResLink(TwitterGooglePO.java:24)
at pom.TwitterGooglePO.twitterSrchResLink(TwitterGooglePO.java:24)
at pom.TwitterGooglePO.twitterSrchResLink(TwitterGooglePO.java:24)
at pom.TwitterGooglePO.twitterSrchResLink(TwitterGooglePO.java:24)
at pom.TwitterGooglePO.twitterSrchResLink(TwitterGooglePO.java:24)
at pom.TwitterGooglePO.twitterSrchResLink(TwitterGooglePO.java:24)
at pom.TwitterGooglePO.twitterSrchResLink(TwitterGooglePO.java:24)
at pom.TwitterGooglePO.twitterSrchResLink(TwitterGooglePO.java:24)
at pom.TwitterGooglePO.twitterSrchResLink(TwitterGooglePO.java:24)
at pom.TwitterGooglePO.twitterSrchResLink(TwitterGooglePO.java:24)
at pom.TwitterGooglePO.twitterSrchResLink(TwitterGooglePO.java:24)
at pom.TwitterGooglePO.twitterSrchResLink(TwitterGooglePO.java:24)
at pom.TwitterGooglePO.twitterSrchResLink(TwitterGooglePO.java:24)
at pom.TwitterGooglePO.twitterSrchResLink(TwitterGooglePO.java:24)
at pom.TwitterGooglePO.twitterSrchResLink(TwitterGooglePO.java:24)
at pom.TwitterGooglePO.twitterSrchResLink(TwitterGooglePO.java:24)
at pom.TwitterGooglePO.twitterSrchResLink(TwitterGooglePO.java:24)
at pom.TwitterGooglePO.twitterSrchResLink(TwitterGooglePO.java:24)
at pom.TwitterGooglePO.twitterSrchResLink(TwitterGooglePO.java:24)
at pom.TwitterGooglePO.twitterSrchResLink(TwitterGooglePO.java:24)
at pom.TwitterGooglePO.twitterSrchResLink(TwitterGooglePO.java:24)
at pom.TwitterGooglePO.twitterSrchResLink(TwitterGooglePO.java:24)
at pom.TwitterGooglePO.twitterSrchResLink(TwitterGooglePO.java:24)
at pom.TwitterGooglePO.twitterSrchResLink(TwitterGooglePO.java:24)
at pom.TwitterGooglePO.twitterSrchResLink(TwitterGooglePO.java:24)
at pom.TwitterGooglePO.twitterSrchResLink(TwitterGooglePO.java:24)
at pom.TwitterGooglePO.twitterSrchResLink(TwitterGooglePO.java:24)
at pom.TwitterGooglePO.twitterSrchResLink(TwitterGooglePO.java:24)
at pom.TwitterGooglePO.twitterSrchResLink(TwitterGooglePO.java:24)
at pom.TwitterGooglePO.twitterSrchResLink(TwitterGooglePO.java:24)
at pom.TwitterGooglePO.twitterSrchResLink(TwitterGooglePO.java:24)
at pom.TwitterGooglePO.twitterSrchResLink(TwitterGooglePO.java:24)
at pom.TwitterGooglePO.twitterSrchResLink(TwitterGooglePO.java:24)
at pom.TwitterGooglePO.twitterSrchResLink(TwitterGooglePO.java:24)
at pom.TwitterGooglePO.twitterSrchResLink(TwitterGooglePO.java:24)
at pom.TwitterGooglePO.twitterSrchResLink(TwitterGooglePO.java:24)
at pom.TwitterGooglePO.twitterSrchResLink(TwitterGooglePO.java:24)
at pom.TwitterGooglePO.twitterSrchResLink(TwitterGooglePO.java:24)
at pom.TwitterGooglePO.twitterSrchResLink(TwitterGooglePO.java:24)
at pom.TwitterGooglePO.twitterSrchResLink(TwitterGooglePO.java:24)
at pom.TwitterGooglePO.twitterSrchResLink(TwitterGooglePO.java:24)
at pom.TwitterGooglePO.twitterSrchResLink(TwitterGooglePO.java:24)
at pom.TwitterGooglePO.twitterSrchResLink(TwitterGooglePO.java:24)
at pom.TwitterGooglePO.twitterSrchResLink(TwitterGooglePO.java:24)
at pom.TwitterGooglePO.twitterSrchResLink(TwitterGooglePO.java:24)
at pom.TwitterGooglePO.twitterSrchResLink(TwitterGooglePO.java:24)
at pom.TwitterGooglePO.twitterSrchResLink(TwitterGooglePO.java:24)
at pom.TwitterGooglePO.twitterSrchResLink(TwitterGooglePO.java:24)
at pom.TwitterGooglePO.twitterSrchResLink(TwitterGooglePO.java:24)
at pom.TwitterGooglePO.twitterSrchResLink(TwitterGooglePO.java:24)
at pom.TwitterGooglePO.twitterSrchResLink(TwitterGooglePO.java:24)
at pom.TwitterGooglePO.twitterSrchResLink(TwitterGooglePO.java:24)
at pom.TwitterGooglePO.twitterSrchResLink(TwitterGooglePO.java:24)
at pom.TwitterGooglePO.twitterSrchResLink(TwitterGooglePO.java:24)
at pom.TwitterGooglePO.twitterSrchResLink(TwitterGooglePO.java:24)
at pom.TwitterGooglePO.twitterSrchResLink(TwitterGooglePO.java:24)
at pom.TwitterGooglePO.twitterSrchResLink(TwitterGooglePO.java:24)
at pom.TwitterGooglePO.twitterSrchResLink(TwitterGooglePO.java:24)
at pom.TwitterGooglePO.twitterSrchResLink(TwitterGooglePO.java:24)
at pom.TwitterGooglePO.twitterSrchResLink(TwitterGooglePO.java:24)
at pom.TwitterGooglePO.twitterSrchResLink(TwitterGooglePO.java:24)
at pom.TwitterGooglePO.twitterSrchResLink(TwitterGooglePO.java:24)
at pom.TwitterGooglePO.twitterSrchResLink(TwitterGooglePO.java:24)
at pom.TwitterGooglePO.twitterSrchResLink(TwitterGooglePO.java:24)
at pom.TwitterGooglePO.twitterSrchResLink(TwitterGooglePO.java:24)
at pom.TwitterGooglePO.twitterSrchResLink(TwitterGooglePO.java:24)
at pom.TwitterGooglePO.twitterSrchResLink(TwitterGooglePO.java:24)
at pom.TwitterGooglePO.twitterSrchResLink(TwitterGooglePO.java:24)
at pom.TwitterGooglePO.twitterSrchResLink(TwitterGooglePO.java:24)
at pom.TwitterGooglePO.twitterSrchResLink(TwitterGooglePO.java:24)
at pom.TwitterGooglePO.twitterSrchResLink(TwitterGooglePO.java:24)
at pom.TwitterGooglePO.twitterSrchResLink(TwitterGooglePO.java:24)
at pom.TwitterGooglePO.twitterSrchResLink(TwitterGooglePO.java:24)
at pom.TwitterGooglePO.twitterSrchResLink(TwitterGooglePO.java:24)
at pom.TwitterGooglePO.twitterSrchResLink(TwitterGooglePO.java:24)
at pom.TwitterGooglePO.twitterSrchResLink(TwitterGooglePO.java:24)
at pom.TwitterGooglePO.twitterSrchResLink(TwitterGooglePO.java:24)
at pom.TwitterGooglePO.twitterSrchResLink(TwitterGooglePO.java:24)
at pom.TwitterGooglePO.twitterSrchResLink(TwitterGooglePO.java:24)
at pom.TwitterGooglePO.twitterSrchResLink(TwitterGooglePO.java:24)
at pom.TwitterGooglePO.twitterSrchResLink(TwitterGooglePO.java:24)
at pom.TwitterGooglePO.twitterSrchResLink(TwitterGooglePO.java:24)
at pom.TwitterGooglePO.twitterSrchResLink(TwitterGooglePO.java:24)
at pom.TwitterGooglePO.twitterSrchResLink(TwitterGooglePO.java:24)
at pom.TwitterGooglePO.twitterSrchResLink(TwitterGooglePO.java:24)
at pom.TwitterGooglePO.twitterSrchResLink(TwitterGooglePO.java:24)
at pom.TwitterGooglePO.twitterSrchResLink(TwitterGooglePO.java:24)
at pom.TwitterGooglePO.twitterSrchResLink(TwitterGooglePO.java:24)
at pom.TwitterGooglePO.twitterSrchResLink(TwitterGooglePO.java:24)
at pom.TwitterGooglePO.twitterSrchResLink(TwitterGooglePO.java:24)
at pom.TwitterGooglePO.twitterSrchResLink(TwitterGooglePO.java:24)
at pom.TwitterGooglePO.twitterSrchResLink(TwitterGooglePO.java:24)
at pom.TwitterGooglePO.twitterSrchResLink(TwitterGooglePO.java:24)
at pom.TwitterGooglePO.twitterSrchResLink(TwitterGooglePO.java:24)
at pom.TwitterGooglePO.twitterSrchResLink(TwitterGooglePO.java:24)
at pom.TwitterGooglePO.twitterSrchResLink(TwitterGooglePO.java:24)
at pom.TwitterGooglePO.twitterSrchResLink(TwitterGooglePO.java:24)
at pom.TwitterGooglePO.twitterSrchResLink(TwitterGooglePO.java:24)
at pom.TwitterGooglePO.twitterSrchResLink(TwitterGooglePO.java:24)
at pom.TwitterGooglePO.twitterSrchResLink(TwitterGooglePO.java:24)
at pom.TwitterGooglePO.twitterSrchResLink(TwitterGooglePO.java:24)
at pom.TwitterGooglePO.twitterSrchResLink(TwitterGooglePO.java:24)
at pom.TwitterGooglePO.twitterSrchResLink(TwitterGooglePO.java:24)
at pom.TwitterGooglePO.twitterSrchResLink(TwitterGooglePO.java:24)
at pom.TwitterGooglePO.twitterSrchResLink(TwitterGooglePO.java:24)
at pom.TwitterGooglePO.twitterSrchResLink(TwitterGooglePO.java:24)
at pom.TwitterGooglePO.twitterSrchResLink(TwitterGooglePO.java:24)
at pom.TwitterGooglePO.twitterSrchResLink(TwitterGooglePO.java:24)
at pom.TwitterGooglePO.twitterSrchResLink(TwitterGooglePO.java:24)
at pom.TwitterGooglePO.twitterSrchResLink(TwitterGooglePO.java:24)
at pom.TwitterGooglePO.twitterSrchResLink(TwitterGooglePO.java:24)
at pom.TwitterGooglePO.twitterSrchResLink(TwitterGooglePO.java:24)
at pom.TwitterGooglePO.twitterSrchResLink(TwitterGooglePO.java:24)
at pom.TwitterGooglePO.twitterSrchResLink(TwitterGooglePO.java:24)
at pom.TwitterGooglePO.twitterSrchResLink(TwitterGooglePO.java:24)
at pom.TwitterGooglePO.twitterSrchResLink(TwitterGooglePO.java:24)
at pom.TwitterGooglePO.twitterSrchResLink(TwitterGooglePO.java:24)
at pom.TwitterGooglePO.twitterSrchResLink(TwitterGooglePO.java:24)
at pom.TwitterGooglePO.twitterSrchResLink(TwitterGooglePO.java:24)
at pom.TwitterGooglePO.twitterSrchResLink(TwitterGooglePO.java:24)
at pom.TwitterGooglePO.twitterSrchResLink(TwitterGooglePO.java:24)
at pom.TwitterGooglePO.twitterSrchResLink(TwitterGooglePO.java:24)
at pom.TwitterGooglePO.twitterSrchResLink(TwitterGooglePO.java:24)
at pom.TwitterGooglePO.twitterSrchResLink(TwitterGooglePO.java:24)
at pom.TwitterGooglePO.twitterSrchResLink(TwitterGooglePO.java:24)
at pom.TwitterGooglePO.twitterSrchResLink(TwitterGooglePO.java:24)
at pom.TwitterGooglePO.twitterSrchResLink(TwitterGooglePO.java:24)
at pom.TwitterGooglePO.twitterSrchResLink(TwitterGooglePO.java:24)
at pom.TwitterGooglePO.twitterSrchResLink(TwitterGooglePO.java:24)
at pom.TwitterGooglePO.twitterSrchResLink(TwitterGooglePO.java:24)
at pom.TwitterGooglePO.twitterSrchResLink(TwitterGooglePO.java:24)
at pom.TwitterGooglePO.twitterSrchResLink(TwitterGooglePO.java:24)
at pom.TwitterGooglePO.twitterSrchResLink(TwitterGooglePO.java:24)
at pom.TwitterGooglePO.twitterSrchResLink(TwitterGooglePO.java:24)
at pom.TwitterGooglePO.twitterSrchResLink(TwitterGooglePO.java:24)
at pom.TwitterGooglePO.twitterSrchResLink(TwitterGooglePO.java:24)
at pom.TwitterGooglePO.twitterSrchResLink(TwitterGooglePO.java:24)
at pom.TwitterGooglePO.twitterSrchResLink(TwitterGooglePO.java:24)
at pom.TwitterGooglePO.twitterSrchResLink(TwitterGooglePO.java:24)
at pom.TwitterGooglePO.twitterSrchResLink(TwitterGooglePO.java:24)
at pom.TwitterGooglePO.twitterSrchResLink(TwitterGooglePO.java:24)
at pom.TwitterGooglePO.twitterSrchResLink(TwitterGooglePO.java:24)
at pom.TwitterGooglePO.twitterSrchResLink(TwitterGooglePO.java:24)
at pom.TwitterGooglePO.twitterSrchResLink(TwitterGooglePO.java:24)
at pom.TwitterGooglePO.twitterSrchResLink(TwitterGooglePO.java:24)
at pom.TwitterGooglePO.twitterSrchResLink(TwitterGooglePO.java:24)
at pom.TwitterGooglePO.twitterSrchResLink(TwitterGooglePO.java:24)
at pom.TwitterGooglePO.twitterSrchResLink(TwitterGooglePO.java:24)
at pom.TwitterGooglePO.twitterSrchResLink(TwitterGooglePO.java:24)
at pom.TwitterGooglePO.twitterSrchResLink(TwitterGooglePO.java:24)
at pom.TwitterGooglePO.twitterSrchResLink(TwitterGooglePO.java:24)
at pom.TwitterGooglePO.twitterSrchResLink(TwitterGooglePO.java:24)
at pom.TwitterGooglePO.twitterSrchResLink(TwitterGooglePO.java:24)
at pom.TwitterGooglePO.twitterSrchResLink(TwitterGooglePO.java:24)
at pom.TwitterGooglePO.twitterSrchResLink(TwitterGooglePO.java:24)
at pom.TwitterGooglePO.twitterSrchResLink(TwitterGooglePO.java:24)
at pom.TwitterGooglePO.twitterSrchResLink(TwitterGooglePO.java:24)
at pom.TwitterGooglePO.twitterSrchResLink(TwitterGooglePO.java:24)
at pom.TwitterGooglePO.twitterSrchResLink(TwitterGooglePO.java:24)
at pom.TwitterGooglePO.twitterSrchResLink(TwitterGooglePO.java:24)
at pom.TwitterGooglePO.twitterSrchResLink(TwitterGooglePO.java:24)
at pom.TwitterGooglePO.twitterSrchResLink(TwitterGooglePO.java:24)
at pom.TwitterGooglePO.twitterSrchResLink(TwitterGooglePO.java:24)
at pom.TwitterGooglePO.twitterSrchResLink(TwitterGooglePO.java:24)
at pom.TwitterGooglePO.twitterSrchResLink(TwitterGooglePO.java:24)
at pom.TwitterGooglePO.twitterSrchResLink(TwitterGooglePO.java:24)
at pom.TwitterGooglePO.twitterSrchResLink(TwitterGooglePO.java:24)
at pom.TwitterGooglePO.twitterSrchResLink(TwitterGooglePO.java:24)
at pom.TwitterGooglePO.twitterSrchResLink(TwitterGooglePO.java:24)
at pom.TwitterGooglePO.twitterSrchResLink(TwitterGooglePO.java:24)
at pom.TwitterGooglePO.twitterSrchResLink(TwitterGooglePO.java:24)
at pom.TwitterGooglePO.twitterSrchResLink(TwitterGooglePO.java:24)
at pom.TwitterGooglePO.twitterSrchResLink(TwitterGooglePO.java:24)
at pom.TwitterGooglePO.twitterSrchResLink(TwitterGooglePO.java:24)
at pom.TwitterGooglePO.twitterSrchResLink(TwitterGooglePO.java:24)
at pom.TwitterGooglePO.twitterSrchResLink(TwitterGooglePO.java:24)
at pom.TwitterGooglePO.twitterSrchResLink(TwitterGooglePO.java:24)
at pom.TwitterGooglePO.twitterSrchResLink(TwitterGooglePO.java:24)
at pom.TwitterGooglePO.twitterSrchResLink(TwitterGooglePO.java:24)
at pom.TwitterGooglePO.twitterSrchResLink(TwitterGooglePO.java:24)
at pom.TwitterGooglePO.twitterSrchResLink(TwitterGooglePO.java:24)
at pom.TwitterGooglePO.twitterSrchResLink(TwitterGooglePO.java:24)
at pom.TwitterGooglePO.twitterSrchResLink(TwitterGooglePO.java:24)
at pom.TwitterGooglePO.twitterSrchResLink(TwitterGooglePO.java:24)
at pom.TwitterGooglePO.twitterSrchResLink(TwitterGooglePO.java:24)
at pom.TwitterGooglePO.twitterSrchResLink(TwitterGooglePO.java:24)
at pom.TwitterGooglePO.twitterSrchResLink(TwitterGooglePO.java:24)
at pom.TwitterGooglePO.twitterSrchResLink(TwitterGooglePO.java:24)
at pom.TwitterGooglePO.twitterSrchResLink(TwitterGooglePO.java:24)
at pom.TwitterGooglePO.twitterSrchResLink(TwitterGooglePO.java:24)
at pom.TwitterGooglePO.twitterSrchResLink(TwitterGooglePO.java:24)
at pom.TwitterGooglePO.twitterSrchResLink(TwitterGooglePO.java:24)
at pom.TwitterGooglePO.twitterSrchResLink(TwitterGooglePO.java:24)
at pom.TwitterGooglePO.twitterSrchResLink(TwitterGooglePO.java:24)
at pom.TwitterGooglePO.twitterSrchResLink(TwitterGooglePO.java:24)
at pom.TwitterGooglePO.twitterSrchResLink(TwitterGooglePO.java:24)
at pom.TwitterGooglePO.twitterSrchResLink(TwitterGooglePO.java:24)
at pom.TwitterGooglePO.twitterSrchResLink(TwitterGooglePO.java:24)
at pom.TwitterGooglePO.twitterSrchResLink(TwitterGooglePO.java:24)
at pom.TwitterGooglePO.twitterSrchResLink(TwitterGooglePO.java:24)
at pom.TwitterGooglePO.twitterSrchResLink(TwitterGooglePO.java:24)
at pom.TwitterGooglePO.twitterSrchResLink(TwitterGooglePO.java:24)
at pom.TwitterGooglePO.twitterSrchResLink(TwitterGooglePO.java:24)
at pom.TwitterGooglePO.twitterSrchResLink(TwitterGooglePO.java:24)
at pom.TwitterGooglePO.twitterSrchResLink(TwitterGooglePO.java:24)
at pom.TwitterGooglePO.twitterSrchResLink(TwitterGooglePO.java:24)
at pom.TwitterGooglePO.twitterSrchResLink(TwitterGooglePO.java:24)
at pom.TwitterGooglePO.twitterSrchResLink(TwitterGooglePO.java:24)
at pom.TwitterGooglePO.twitterSrchResLink(TwitterGooglePO.java:24)
at pom.TwitterGooglePO.twitterSrchResLink(TwitterGooglePO.java:24)
at pom.TwitterGooglePO.twitterSrchResLink(TwitterGooglePO.java:24)
at pom.TwitterGooglePO.twitterSrchResLink(TwitterGooglePO.java:24)
at pom.TwitterGooglePO.twitterSrchResLink(TwitterGooglePO.java:24)
at pom.TwitterGooglePO.twitterSrchResLink(TwitterGooglePO.java:24)
at pom.TwitterGooglePO.twitterSrchResLink(TwitterGooglePO.java:24)
at pom.TwitterGooglePO.twitterSrchResLink(TwitterGooglePO.java:24)
at pom.TwitterGooglePO.twitterSrchResLink(TwitterGooglePO.java:24)
at pom.TwitterGooglePO.twitterSrchResLink(TwitterGooglePO.java:24)
at pom.TwitterGooglePO.twitterSrchResLink(TwitterGooglePO.java:24)
at pom.TwitterGooglePO.twitterSrchResLink(TwitterGooglePO.java:24)
at pom.TwitterGooglePO.twitterSrchResLink(TwitterGooglePO.java:24)
at pom.TwitterGooglePO.twitterSrchResLink(TwitterGooglePO.java:24)
at pom.TwitterGooglePO.twitterSrchResLink(TwitterGooglePO.java:24)
at pom.TwitterGooglePO.twitterSrchResLink(TwitterGooglePO.java:24)
at pom.TwitterGooglePO.twitterSrchResLink(TwitterGooglePO.java:24)
at pom.TwitterGooglePO.twitterSrchResLink(TwitterGooglePO.java:24)
at pom.TwitterGooglePO.twitterSrchResLink(TwitterGooglePO.java:24)
at pom.TwitterGooglePO.twitterSrchResLink(TwitterGooglePO.java:24)
at pom.TwitterGooglePO.twitterSrchResLink(TwitterGooglePO.java:24)
at pom.TwitterGooglePO.twitterSrchResLink(TwitterGooglePO.java:24)
at pom.TwitterGooglePO.twitterSrchResLink(TwitterGooglePO.java:24)
at pom.TwitterGooglePO.twitterSrchResLink(TwitterGooglePO.java:24)
at pom.TwitterGooglePO.twitterSrchResLink(TwitterGooglePO.java:24)
at pom.TwitterGooglePO.twitterSrchResLink(TwitterGooglePO.java:24)
at pom.TwitterGooglePO.twitterSrchResLink(TwitterGooglePO.java:24)
at pom.TwitterGooglePO.twitterSrchResLink(TwitterGooglePO.java:24)
at pom.TwitterGooglePO.twitterSrchResLink(TwitterGooglePO.java:24)
at pom.TwitterGooglePO.twitterSrchResLink(TwitterGooglePO.java:24)
at pom.TwitterGooglePO.twitterSrchResLink(TwitterGooglePO.java:24)
at pom.TwitterGooglePO.twitterSrchResLink(TwitterGooglePO.java:24)
at pom.TwitterGooglePO.twitterSrchResLink(TwitterGooglePO.java:24)
at pom.TwitterGooglePO.twitterSrchResLink(TwitterGooglePO.java:24)
at pom.TwitterGooglePO.twitterSrchResLink(TwitterGooglePO.java:24)
at pom.TwitterGooglePO.twitterSrchResLink(TwitterGooglePO.java:24)
at pom.TwitterGooglePO.twitterSrchResLink(TwitterGooglePO.java:24)
at pom.TwitterGooglePO.twitterSrchResLink(TwitterGooglePO.java:24)
at pom.TwitterGooglePO.twitterSrchResLink(TwitterGooglePO.java:24)
at pom.TwitterGooglePO.twitterSrchResLink(TwitterGooglePO.java:24)
at pom.TwitterGooglePO.twitterSrchResLink(TwitterGooglePO.java:24)
at pom.TwitterGooglePO.twitterSrchResLink(TwitterGooglePO.java:24)
at pom.TwitterGooglePO.twitterSrchResLink(TwitterGooglePO.java:24)
at pom.TwitterGooglePO.twitterSrchResLink(TwitterGooglePO.java:24)
at pom.TwitterGooglePO.twitterSrchResLink(TwitterGooglePO.java:24)
at pom.TwitterGooglePO.twitterSrchResLink(TwitterGooglePO.java:24)
at pom.TwitterGooglePO.twitterSrchResLink(TwitterGooglePO.java:24)
at pom.TwitterGooglePO.twitterSrchResLink(TwitterGooglePO.java:24)
at pom.TwitterGooglePO.twitterSrchResLink(TwitterGooglePO.java:24)
at pom.TwitterGooglePO.twitterSrchResLink(TwitterGooglePO.java:24)
at pom.TwitterGooglePO.twitterSrchResLink(TwitterGooglePO.java:24)
at pom.TwitterGooglePO.twitterSrchResLink(TwitterGooglePO.java:24)
at pom.TwitterGooglePO.twitterSrchResLink(TwitterGooglePO.java:24)
at pom.TwitterGooglePO.twitterSrchResLink(TwitterGooglePO.java:24)
at pom.TwitterGooglePO.twitterSrchResLink(TwitterGooglePO.java:24)
at pom.TwitterGooglePO.twitterSrchResLink(TwitterGooglePO.java:24)
at pom.TwitterGooglePO.twitterSrchResLink(TwitterGooglePO.java:24)
at pom.TwitterGooglePO.twitterSrchResLink(TwitterGooglePO.java:24)
at pom.TwitterGooglePO.twitterSrchResLink(TwitterGooglePO.java:24)
at pom.TwitterGooglePO.twitterSrchResLink(TwitterGooglePO.java:24)
at pom.TwitterGooglePO.twitterSrchResLink(TwitterGooglePO.java:24)
at pom.TwitterGooglePO.twitterSrchResLink(TwitterGooglePO.java:24)
at pom.TwitterGooglePO.twitterSrchResLink(TwitterGooglePO.java:24)
at pom.TwitterGooglePO.twitterSrchResLink(TwitterGooglePO.java:24)
at pom.TwitterGooglePO.twitterSrchResLink(TwitterGooglePO.java:24)
at pom.TwitterGooglePO.twitterSrchResLink(TwitterGooglePO.java:24)
at pom.TwitterGooglePO.twitterSrchResLink(TwitterGooglePO.java:24)
at pom.TwitterGooglePO.twitterSrchResLink(TwitterGooglePO.java:24)
at pom.TwitterGooglePO.twitterSrchResLink(TwitterGooglePO.java:24)
at pom.TwitterGooglePO.twitterSrchResLink(TwitterGooglePO.java:24)
at pom.TwitterGooglePO.twitterSrchResLink(TwitterGooglePO.java:24)
at pom.TwitterGooglePO.twitterSrchResLink(TwitterGooglePO.java:24)
at pom.TwitterGooglePO.twitterSrchResLink(TwitterGooglePO.java:24)
at pom.TwitterGooglePO.twitterSrchResLink(TwitterGooglePO.java:24)
at pom.TwitterGooglePO.twitterSrchResLink(TwitterGooglePO.java:24)
at pom.TwitterGooglePO.twitterSrchResLink(TwitterGooglePO.java:24)
at pom.TwitterGooglePO.twitterSrchResLink(TwitterGooglePO.java:24)
at pom.TwitterGooglePO.twitterSrchResLink(TwitterGooglePO.java:24)
at pom.TwitterGooglePO.twitterSrchResLink(TwitterGooglePO.java:24)
at pom.TwitterGooglePO.twitterSrchResLink(TwitterGooglePO.java:24)
at pom.TwitterGooglePO.twitterSrchResLink(TwitterGooglePO.java:24)
at pom.TwitterGooglePO.twitterSrchResLink(TwitterGooglePO.java:24)
at pom.TwitterGooglePO.twitterSrchResLink(TwitterGooglePO.java:24)
at pom.TwitterGooglePO.twitterSrchResLink(TwitterGooglePO.java:24)
at pom.TwitterGooglePO.twitterSrchResLink(TwitterGooglePO.java:24)
at pom.TwitterGooglePO.twitterSrchResLink(TwitterGooglePO.java:24)
at pom.TwitterGooglePO.twitterSrchResLink(TwitterGooglePO.java:24)
at pom.TwitterGooglePO.twitterSrchResLink(TwitterGooglePO.java:24)
at pom.TwitterGooglePO.twitterSrchResLink(TwitterGooglePO.java:24)
at pom.TwitterGooglePO.twitterSrchResLink(TwitterGooglePO.java:24)
at pom.TwitterGooglePO.twitterSrchResLink(TwitterGooglePO.java:24)
at pom.TwitterGooglePO.twitterSrchResLink(TwitterGooglePO.java:24)
at pom.TwitterGooglePO.twitterSrchResLink(TwitterGooglePO.java:24)
at pom.TwitterGooglePO.twitterSrchResLink(TwitterGooglePO.java:24)
at pom.TwitterGooglePO.twitterSrchResLink(TwitterGooglePO.java:24)
at pom.TwitterGooglePO.twitterSrchResLink(TwitterGooglePO.java:24)
at pom.TwitterGooglePO.twitterSrchResLink(TwitterGooglePO.java:24)
at pom.TwitterGooglePO.twitterSrchResLink(TwitterGooglePO.java:24)
at pom.TwitterGooglePO.twitterSrchResLink(TwitterGooglePO.java:24)
at pom.TwitterGooglePO.twitterSrchResLink(TwitterGooglePO.java:24)
at pom.TwitterGooglePO.twitterSrchResLink(TwitterGooglePO.java:24)
at pom.TwitterGooglePO.twitterSrchResLink(TwitterGooglePO.java:24)
at pom.TwitterGooglePO.twitterSrchResLink(TwitterGooglePO.java:24)
at pom.TwitterGooglePO.twitterSrchResLink(TwitterGooglePO.java:24)
at pom.TwitterGooglePO.twitterSrchResLink(TwitterGooglePO.java:24)
at pom.TwitterGooglePO.twitterSrchResLink(TwitterGooglePO.java:24)
at pom.TwitterGooglePO.twitterSrchResLink(TwitterGooglePO.java:24)
at pom.TwitterGooglePO.twitterSrchResLink(TwitterGooglePO.java:24)
at pom.TwitterGooglePO.twitterSrchResLink(TwitterGooglePO.java:24)
at pom.TwitterGooglePO.twitterSrchResLink(TwitterGooglePO.java:24)
at pom.TwitterGooglePO.twitterSrchResLink(TwitterGooglePO.java:24)
at pom.TwitterGooglePO.twitterSrchResLink(TwitterGooglePO.java:24)
at pom.TwitterGooglePO.twitterSrchResLink(TwitterGooglePO.java:24)
at pom.TwitterGooglePO.twitterSrchResLink(TwitterGooglePO.java:24)
at pom.TwitterGooglePO.twitterSrchResLink(TwitterGooglePO.java:24)
at pom.TwitterGooglePO.twitterSrchResLink(TwitterGooglePO.java:24)
at pom.TwitterGooglePO.twitterSrchResLink(TwitterGooglePO.java:24)
at pom.TwitterGooglePO.twitterSrchResLink(TwitterGooglePO.java:24)
at pom.TwitterGooglePO.twitterSrchResLink(TwitterGooglePO.java:24)
at pom.TwitterGooglePO.twitterSrchResLink(TwitterGooglePO.java:24)
at pom.TwitterGooglePO.twitterSrchResLink(TwitterGooglePO.java:24)
at pom.TwitterGooglePO.twitterSrchResLink(TwitterGooglePO.java:24)
at pom.TwitterGooglePO.twitterSrchResLink(TwitterGooglePO.java:24)
at pom.TwitterGooglePO.twitterSrchResLink(TwitterGooglePO.java:24)
at pom.TwitterGooglePO.twitterSrchResLink(TwitterGooglePO.java:24)
at pom.TwitterGooglePO.twitterSrchResLink(TwitterGooglePO.java:24)
at pom.TwitterGooglePO.twitterSrchResLink(TwitterGooglePO.java:24)
at pom.TwitterGooglePO.twitterSrchResLink(TwitterGooglePO.java:24)
at pom.TwitterGooglePO.twitterSrchResLink(TwitterGooglePO.java:24)
at pom.TwitterGooglePO.twitterSrchResLink(TwitterGooglePO.java:24)
at pom.TwitterGooglePO.twitterSrchResLink(TwitterGooglePO.java:24)
at pom.TwitterGooglePO.twitterSrchResLink(TwitterGooglePO.java:24)
at pom.TwitterGooglePO.twitterSrchResLink(TwitterGooglePO.java:24)
at pom.TwitterGooglePO.twitterSrchResLink(TwitterGooglePO.java:24)
at pom.TwitterGooglePO.twitterSrchResLink(TwitterGooglePO.java:24)
at pom.TwitterGooglePO.twitterSrchResLink(TwitterGooglePO.java:24)
at pom.TwitterGooglePO.twitterSrchResLink(TwitterGooglePO.java:24)
at pom.TwitterGooglePO.twitterSrchResLink(TwitterGooglePO.java:24)
at pom.TwitterGooglePO.twitterSrchResLink(TwitterGooglePO.java:24)
at pom.TwitterGooglePO.twitterSrchResLink(TwitterGooglePO.java:24)
at pom.TwitterGooglePO.twitterSrchResLink(TwitterGooglePO.java:24)
at pom.TwitterGooglePO.twitterSrchResLink(TwitterGooglePO.java:24)
at pom.TwitterGooglePO.twitterSrchResLink(TwitterGooglePO.java:24)
at pom.TwitterGooglePO.twitterSrchResLink(TwitterGooglePO.java:24)
at pom.TwitterGooglePO.twitterSrchResLink(TwitterGooglePO.java:24)
at pom.TwitterGooglePO.twitterSrchResLink(TwitterGooglePO.java:24)
at pom.TwitterGooglePO.twitterSrchResLink(TwitterGooglePO.java:24)
at pom.TwitterGooglePO.twitterSrchResLink(TwitterGooglePO.java:24)
at pom.TwitterGooglePO.twitterSrchResLink(TwitterGooglePO.java:24)
at pom.TwitterGooglePO.twitterSrchResLink(TwitterGooglePO.java:24)
at pom.TwitterGooglePO.twitterSrchResLink(TwitterGooglePO.java:24)
at pom.TwitterGooglePO.twitterSrchResLink(TwitterGooglePO.java:24)
at pom.TwitterGooglePO.twitterSrchResLink(TwitterGooglePO.java:24)
at pom.TwitterGooglePO.twitterSrchResLink(TwitterGooglePO.java:24)
at pom.TwitterGooglePO.twitterSrchResLink(TwitterGooglePO.java:24)
at pom.TwitterGooglePO.twitterSrchResLink(TwitterGooglePO.java:24)
at pom.TwitterGooglePO.twitterSrchResLink(TwitterGooglePO.java:24)
at pom.TwitterGooglePO.twitterSrchResLink(TwitterGooglePO.java:24)
at pom.TwitterGooglePO.twitterSrchResLink(TwitterGooglePO.java:24)
at pom.TwitterGooglePO.twitterSrchResLink(TwitterGooglePO.java:24)
at pom.TwitterGooglePO.twitterSrchResLink(TwitterGooglePO.java:24)
at pom.TwitterGooglePO.twitterSrchResLink(TwitterGooglePO.java:24)
at pom.TwitterGooglePO.twitterSrchResLink(TwitterGooglePO.java:24)
at pom.TwitterGooglePO.twitterSrchResLink(TwitterGooglePO.java:24)
at pom.TwitterGooglePO.twitterSrchResLink(TwitterGooglePO.java:24)
at pom.TwitterGooglePO.twitterSrchResLink(TwitterGooglePO.java:24)
at pom.TwitterGooglePO.twitterSrchResLink(TwitterGooglePO.java:24)
at pom.TwitterGooglePO.twitterSrchResLink(TwitterGooglePO.java:24)
at pom.TwitterGooglePO.twitterSrchResLink(TwitterGooglePO.java:24)
at pom.TwitterGooglePO.twitterSrchResLink(TwitterGooglePO.java:24)
at pom.TwitterGooglePO.twitterSrchResLink(TwitterGooglePO.java:24)
at pom.TwitterGooglePO.twitterSrchResLink(TwitterGooglePO.java:24)
at pom.TwitterGooglePO.twitterSrchResLink(TwitterGooglePO.java:24)
at pom.TwitterGooglePO.twitterSrchResLink(TwitterGooglePO.java:24)
at pom.TwitterGooglePO.twitterSrchResLink(TwitterGooglePO.java:24)
at pom.TwitterGooglePO.twitterSrchResLink(TwitterGooglePO.java:24)
at pom.TwitterGooglePO.twitterSrchResLink(TwitterGooglePO.java:24)
at pom.TwitterGooglePO.twitterSrchResLink(TwitterGooglePO.java:24)
at pom.TwitterGooglePO.twitterSrchResLink(TwitterGooglePO.java:24)
at pom.TwitterGooglePO.twitterSrchResLink(TwitterGooglePO.java:24)
at pom.TwitterGooglePO.twitterSrchResLink(TwitterGooglePO.java:24)
at pom.TwitterGooglePO.twitterSrchResLink(TwitterGooglePO.java:24)
at pom.TwitterGooglePO.twitterSrchResLink(TwitterGooglePO.java:24)
at pom.TwitterGooglePO.twitterSrchResLink(TwitterGooglePO.java:24)
at pom.TwitterGooglePO.twitterSrchResLink(TwitterGooglePO.java:24)
at pom.TwitterGooglePO.twitterSrchResLink(TwitterGooglePO.java:24)
at pom.TwitterGooglePO.twitterSrchResLink(TwitterGooglePO.java:24)
at pom.TwitterGooglePO.twitterSrchResLink(TwitterGooglePO.java:24)
at pom.TwitterGooglePO.twitterSrchResLink(TwitterGooglePO.java:24)
at pom.TwitterGooglePO.twitterSrchResLink(TwitterGooglePO.java:24)
at pom.TwitterGooglePO.twitterSrchResLink(TwitterGooglePO.java:24)
at pom.TwitterGooglePO.twitterSrchResLink(TwitterGooglePO.java:24)
at pom.TwitterGooglePO.twitterSrchResLink(TwitterGooglePO.java:24)
at pom.TwitterGooglePO.twitterSrchResLink(TwitterGooglePO.java:24)
at pom.TwitterGooglePO.twitterSrchResLink(TwitterGooglePO.java:24)
at pom.TwitterGooglePO.twitterSrchResLink(TwitterGooglePO.java:24)
at pom.TwitterGooglePO.twitterSrchResLink(TwitterGooglePO.java:24)
at pom.TwitterGooglePO.twitterSrchResLink(TwitterGooglePO.java:24)
at pom.TwitterGooglePO.twitterSrchResLink(TwitterGooglePO.java:24)
at pom.TwitterGooglePO.twitterSrchResLink(TwitterGooglePO.java:24)
at pom.TwitterGooglePO.twitterSrchResLink(TwitterGooglePO.java:24)
at pom.TwitterGooglePO.twitterSrchResLink(TwitterGooglePO.java:24)
at pom.TwitterGooglePO.twitterSrchResLink(TwitterGooglePO.java:24)
at pom.TwitterGooglePO.twitterSrchResLink(TwitterGooglePO.java:24)
at pom.TwitterGooglePO.twitterSrchResLink(TwitterGooglePO.java:24)
at pom.TwitterGooglePO.twitterSrchResLink(TwitterGooglePO.java:24)
at pom.TwitterGooglePO.twitterSrchResLink(TwitterGooglePO.java:24)
at pom.TwitterGooglePO.twitterSrchResLink(TwitterGooglePO.java:24)
at pom.TwitterGooglePO.twitterSrchResLink(TwitterGooglePO.java:24)
at pom.TwitterGooglePO.twitterSrchResLink(TwitterGooglePO.java:24)
at pom.TwitterGooglePO.twitterSrchResLink(TwitterGooglePO.java:24)
at pom.TwitterGooglePO.twitterSrchResLink(TwitterGooglePO.java:24)
at pom.TwitterGooglePO.twitterSrchResLink(TwitterGooglePO.java:24)
at pom.TwitterGooglePO.twitterSrchResLink(TwitterGooglePO.java:24)
at pom.TwitterGooglePO.twitterSrchResLink(TwitterGooglePO.java:24)
at pom.TwitterGooglePO.twitterSrchResLink(TwitterGooglePO.java:24)
at pom.TwitterGooglePO.twitterSrchResLink(TwitterGooglePO.java:24)
at pom.TwitterGooglePO.twitterSrchResLink(TwitterGooglePO.java:24)
at pom.TwitterGooglePO.twitterSrchResLink(TwitterGooglePO.java:24)
at pom.TwitterGooglePO.twitterSrchResLink(TwitterGooglePO.java:24)
at pom.TwitterGooglePO.twitterSrchResLink(TwitterGooglePO.java:24)
at pom.TwitterGooglePO.twitterSrchResLink(TwitterGooglePO.java:24)
at pom.TwitterGooglePO.twitterSrchResLink(TwitterGooglePO.java:24)
at pom.TwitterGooglePO.twitterSrchResLink(TwitterGooglePO.java:24)
at pom.TwitterGooglePO.twitterSrchResLink(TwitterGooglePO.java:24)
at pom.TwitterGooglePO.twitterSrchResLink(TwitterGooglePO.java:24)
at pom.TwitterGooglePO.twitterSrchResLink(TwitterGooglePO.java:24)
at pom.TwitterGooglePO.twitterSrchResLink(TwitterGooglePO.java:24)
at pom.TwitterGooglePO.twitterSrchResLink(TwitterGooglePO.java:24)
at pom.TwitterGooglePO.twitterSrchResLink(TwitterGooglePO.java:24)
]]>
    </failure>
  </testcase> <!-- TwitterTest -->
</testsuite> <!-- Default test -->
